2025-04-12 17:02:02,326 - INFO - Processing file 1/91808: PXL_20240505_193914893.jpg
2025-04-12 17:02:02,492 - INFO - Processing file 2/91808: PXL_20240505_193919274.jpg
2025-04-12 17:02:02,631 - INFO - Processing file 3/91808: PXL_20240505_193930014.jpg
2025-04-12 17:02:02,787 - INFO - Processing file 4/91808: PXL_20240505_210743227.jpg
2025-04-12 17:02:02,937 - INFO - Processing file 5/91808: PXL_20240505_210758131.jpg
2025-04-12 17:02:03,108 - INFO - Processing file 6/91808: PXL_20240505_210814039.jpg
2025-04-12 17:02:03,254 - INFO - Processing file 7/91808: PXL_20240505_223530517.jpg
2025-04-12 17:02:03,397 - INFO - Processing file 8/91808: PXL_20240505_223541239.jpg
2025-04-12 17:02:03,573 - INFO - Processing file 9/91808: PXL_20240505_223558705.jpg
2025-04-12 17:02:03,735 - INFO - Processing file 10/91808: PXL_20240509_093642516.jpg
2025-04-12 17:02:03,976 - INFO - Processing file 11/91808: PXL_20240509_093714738.jpg
2025-04-12 17:02:04,115 - INFO - Processing file 12/91808: PXL_20240509_093740856.jpg
2025-04-12 17:02:04,263 - INFO - Processing file 13/91808: PXL_20240509_093742257.jpg
2025-04-12 17:02:04,415 - INFO - Processing file 14/91808: PXL_20240509_093758094.jpg
2025-04-12 17:02:04,564 - INFO - Processing file 15/91808: PXL_20240509_102712212.jpg
2025-04-12 17:02:04,809 - INFO - Processing file 16/91808: PXL_20240509_102725931.jpg
2025-04-12 17:02:05,057 - INFO - Processing file 17/91808: PXL_20240510_133621951.jpg
2025-04-12 17:02:05,216 - INFO - Processing file 18/91808: PXL_20240510_133628546.jpg
2025-04-12 17:02:05,358 - INFO - Processing file 19/91808: PXL_20240510_133654909.jpg
2025-04-12 17:02:05,500 - INFO - Processing file 20/91808: PXL_20240510_133718811.jpg
2025-04-12 17:02:05,619 - INFO - Processing file 21/91808: PXL_20240510_134551163.jpg
2025-04-12 17:02:05,748 - INFO - Processing file 22/91808: PXL_20240510_134552875.jpg
2025-04-12 17:02:05,853 - INFO - Processing file 23/91808: PXL_20240510_134606219.jpg
2025-04-12 17:02:05,976 - INFO - Processing file 24/91808: PXL_20240510_142551697.jpg
2025-04-12 17:02:06,129 - INFO - Processing file 25/91808: PXL_20240529_163104357.jpg
2025-04-12 17:02:06,219 - INFO - Processing file 26/91808: PXL_20240529_163109771.jpg
2025-04-12 17:02:06,358 - INFO - Processing file 27/91808: PXL_20240529_163114907.jpg
2025-04-12 17:02:06,408 - INFO - Processing file 28/91808: PXL_20240529_163120919.jpg
2025-04-12 17:02:06,542 - INFO - Processing file 29/91808: PXL_20240529_165602953.jpg
2025-04-12 17:02:06,692 - INFO - Processing file 30/91808: PXL_20240529_165617611.jpg
2025-04-12 17:02:06,867 - INFO - Processing file 31/91808: PXL_20240529_165623508.jpg
2025-04-12 17:02:07,029 - INFO - Processing file 32/91808: PXL_20240529_165632310.jpg
2025-04-12 17:02:07,191 - INFO - Processing file 33/91808: PXL_20240529_165637815.jpg
2025-04-12 17:02:07,439 - INFO - Processing file 34/91808: PXL_20240529_165647998.jpg
2025-04-12 17:02:07,550 - INFO - Processing file 35/91808: PXL_20240531_000225715.jpg
2025-04-12 17:02:07,695 - INFO - Processing file 36/91808: PXL_20240531_061049238.jpg
2025-04-12 17:02:07,909 - INFO - Processing file 37/91808: PXL_20240531_061107126.jpg
2025-04-12 17:02:08,042 - INFO - Processing file 38/91808: PXL_20240531_112002758.jpg
2025-04-12 17:02:08,183 - INFO - Processing file 39/91808: PXL_20240531_112014984.jpg
2025-04-12 17:02:08,324 - INFO - Processing file 40/91808: PXL_20240531_112019489.jpg
2025-04-12 17:02:08,467 - INFO - Processing file 41/91808: PXL_20240531_140914874.jpg
2025-04-12 17:02:08,632 - INFO - Processing file 42/91808: PXL_20240531_140947855.jpg
2025-04-12 17:02:08,777 - INFO - Processing file 43/91808: PXL_20240601_182658912.jpg
2025-04-12 17:02:08,931 - INFO - Processing file 44/91808: PXL_20240601_182800194.jpg
2025-04-12 17:02:09,069 - INFO - Processing file 45/91808: PXL_20240601_182803463.jpg
2025-04-12 17:02:09,156 - INFO - Processing file 46/91808: PXL_20240601_182813247.jpg
2025-04-12 17:02:09,295 - INFO - Processing file 47/91808: PXL_20240601_182837516.jpg
2025-04-12 17:02:09,433 - INFO - Processing file 48/91808: PXL_20240601_182846581.jpg
2025-04-12 17:02:09,569 - INFO - Processing file 49/91808: PXL_20240601_201117118.jpg
2025-04-12 17:02:09,694 - INFO - Processing file 50/91808: PXL_20240601_223530207.jpg
2025-04-12 17:02:09,835 - INFO - Processing file 51/91808: PXL_20240601_224040762.jpg
2025-04-12 17:02:09,965 - INFO - Processing file 52/91808: PXL_20240602_004729863.jpg
2025-04-12 17:02:10,057 - INFO - Processing file 53/91808: PXL_20240602_205734983.jpg
2025-04-12 17:02:10,201 - INFO - Processing file 54/91808: PXL_20240606_080947639.jpg
2025-04-12 17:02:10,336 - INFO - Processing file 55/91808: PXL_20240607_053103431.jpg
2025-04-12 17:02:10,472 - INFO - Processing file 56/91808: PXL_20240607_053259066.jpg
2025-04-12 17:02:10,626 - INFO - Processing file 57/91808: PXL_20240616_002719077.jpg
2025-04-12 17:02:10,780 - INFO - Processing file 58/91808: PXL_20240616_002735239.jpg
2025-04-12 17:02:10,870 - INFO - Processing file 59/91808: PXL_20240616_002752935.jpg
2025-04-12 17:02:11,005 - INFO - Processing file 60/91808: PXL_20240616_002815377.jpg
2025-04-12 17:02:11,154 - INFO - Processing file 61/91808: PXL_20240620_202226000.jpg
2025-04-12 17:02:11,305 - INFO - Processing file 62/91808: PXL_20240620_202239222.jpg
2025-04-12 17:02:11,429 - INFO - Processing file 63/91808: PXL_20240622_032421128.jpg
2025-04-12 17:02:11,563 - INFO - Processing file 64/91808: PXL_20240622_032428179.jpg
2025-04-12 17:02:11,648 - INFO - Processing file 65/91808: PXL_20240625_002143774.jpg
2025-04-12 17:02:11,776 - INFO - Processing file 66/91808: PXL_20240625_002148881.jpg
2025-04-12 17:02:11,869 - INFO - Processing file 67/91808: PXL_20240625_002152581.jpg
2025-04-12 17:02:12,005 - INFO - Processing file 68/91808: PXL_20240705_192135610.jpg
2025-04-12 17:02:12,136 - INFO - Processing file 69/91808: PXL_20240708_112557953.jpg
2025-04-12 17:02:12,220 - INFO - Processing file 70/91808: PXL_20240717_203136634.jpg
2025-04-12 17:02:12,303 - INFO - Processing file 71/91808: PXL_20240721_121513650.jpg
2025-04-12 17:02:12,399 - INFO - Processing file 72/91808: PXL_20240724_210036292.jpg
2025-04-12 17:02:12,523 - INFO - Processing file 73/91808: PXL_20240801_172451006.jpg
2025-04-12 17:02:12,663 - INFO - Processing file 74/91808: PXL_20240801_172508436.jpg
2025-04-12 17:02:12,812 - INFO - Processing file 75/91808: PXL_20240801_172612313.jpg
2025-04-12 17:02:12,967 - INFO - Processing file 76/91808: PXL_20240803_131225612.jpg
2025-04-12 17:02:13,054 - INFO - Processing file 77/91808: PXL_20240803_154339261.jpg
2025-04-12 17:02:13,110 - INFO - Processing file 78/91808: PXL_20240803_154409427.jpg
2025-04-12 17:02:13,191 - INFO - Processing file 79/91808: PXL_20240803_154410077.jpg
2025-04-12 17:02:13,258 - INFO - Processing file 80/91808: PXL_20240803_154411512.jpg
2025-04-12 17:02:13,338 - INFO - Processing file 81/91808: PXL_20240803_154433543.jpg
2025-04-12 17:02:13,443 - INFO - Processing file 82/91808: PXL_20240803_154447306.jpg
2025-04-12 17:02:13,481 - INFO - Processing file 83/91808: PXL_20240812_214723792.jpg
2025-04-12 17:02:13,689 - INFO - Processing file 84/91808: PXL_20240812_214724204.jpg
2025-04-12 17:02:13,893 - INFO - Processing file 85/91808: PXL_20240812_214724707.jpg
2025-04-12 17:02:14,115 - INFO - Processing file 86/91808: PXL_20240812_214726179.jpg
2025-04-12 17:02:14,373 - INFO - Processing file 87/91808: PXL_20240812_214935522.jpg
2025-04-12 17:02:14,609 - INFO - Processing file 88/91808: PXL_20240812_220320542.jpg
2025-04-12 17:02:14,821 - INFO - Processing file 89/91808: PXL_20240812_220321325.jpg
2025-04-12 17:02:15,053 - INFO - Processing file 90/91808: PXL_20240812_220325929.jpg
2025-04-12 17:02:15,235 - INFO - Processing file 91/91808: PXL_20240812_220326812.jpg
2025-04-12 17:02:15,405 - INFO - Processing file 92/91808: PXL_20240812_220327614.jpg
2025-04-12 17:02:15,594 - INFO - Processing file 93/91808: PXL_20240812_220330869.jpg
2025-04-12 17:02:15,803 - INFO - Processing file 94/91808: PXL_20240812_220333658.jpg
2025-04-12 17:02:15,965 - INFO - Processing file 95/91808: PXL_20240812_220336429.jpg
2025-04-12 17:02:16,132 - INFO - Processing file 96/91808: PXL_20240812_220337113.jpg
2025-04-12 17:02:16,300 - INFO - Processing file 97/91808: PXL_20240812_220408465.jpg
2025-04-12 17:02:16,503 - INFO - Processing file 98/91808: PXL_20240812_220409272.jpg
2025-04-12 17:02:16,709 - INFO - Processing file 99/91808: PXL_20240812_232349090.jpg
2025-04-12 17:02:16,938 - INFO - Processing file 100/91808: PXL_20240812_232350386.jpg
2025-04-12 17:02:17,175 - INFO - Processing file 101/91808: PXL_20240812_232357339.jpg
2025-04-12 17:02:17,396 - INFO - Processing file 102/91808: PXL_20240812_232357981.jpg
2025-04-12 17:02:17,612 - INFO - Processing file 103/91808: PXL_20240812_232358463.jpg
2025-04-12 17:02:17,841 - INFO - Processing file 104/91808: PXL_20240812_232359471.jpg
2025-04-12 17:02:18,060 - INFO - Processing file 105/91808: PXL_20240812_232400218.jpg
2025-04-12 17:02:18,288 - INFO - Processing file 106/91808: PXL_20240812_232404662.jpg
2025-04-12 17:02:18,508 - INFO - Processing file 107/91808: PXL_20240812_232405174.jpg
2025-04-12 17:02:18,736 - INFO - Processing file 108/91808: PXL_20240812_232423238.jpg
2025-04-12 17:02:18,942 - INFO - Processing file 109/91808: PXL_20240812_232423699.jpg
2025-04-12 17:02:19,157 - INFO - Processing file 110/91808: PXL_20240812_232424250.jpg
2025-04-12 17:02:19,372 - INFO - Processing file 111/91808: PXL_20240812_232424775.jpg
2025-04-12 17:02:19,605 - INFO - Processing file 112/91808: PXL_20240812_232426280.jpg
2025-04-12 17:02:19,853 - INFO - Processing file 113/91808: PXL_20240812_232426734.jpg
2025-04-12 17:02:20,081 - INFO - Processing file 114/91808: PXL_20240812_232427173.jpg
2025-04-12 17:02:20,294 - INFO - Processing file 115/91808: PXL_20240812_232431321.jpg
2025-04-12 17:02:20,519 - INFO - Processing file 116/91808: PXL_20240812_232438056.jpg
2025-04-12 17:02:20,720 - INFO - Processing file 117/91808: PXL_20240812_232510051.jpg
2025-04-12 17:02:20,916 - INFO - Processing file 118/91808: PXL_20240812_232510797.jpg
2025-04-12 17:02:21,130 - INFO - Processing file 119/91808: PXL_20240812_233322225.jpg
2025-04-12 17:02:21,366 - INFO - Processing file 120/91808: PXL_20240812_233323784.jpg
2025-04-12 17:02:21,632 - INFO - Processing file 121/91808: PXL_20240812_233324592.jpg
2025-04-12 17:02:21,876 - INFO - Processing file 122/91808: PXL_20240812_233325574.jpg
2025-04-12 17:02:22,138 - INFO - Processing file 123/91808: PXL_20240812_233326538.jpg
2025-04-12 17:02:22,391 - INFO - Processing file 124/91808: PXL_20240812_233327631.jpg
2025-04-12 17:02:22,631 - INFO - Processing file 125/91808: PXL_20240817_151738491.jpg
2025-04-12 17:02:22,770 - INFO - Processing file 126/91808: PXL_20240817_151741435.jpg
2025-04-12 17:02:22,852 - INFO - Processing file 127/91808: PXL_20240822_005931265.jpg
2025-04-12 17:02:23,016 - INFO - Processing file 128/91808: PXL_20240822_010011203.jpg
2025-04-12 17:02:23,168 - INFO - Processing file 129/91808: PXL_20240822_010031502.jpg
2025-04-12 17:02:23,325 - INFO - Processing file 130/91808: PXL_20240823_000112287.jpg
2025-04-12 17:02:23,457 - INFO - Processing file 131/91808: PXL_20240910_212450196.jpg
2025-04-12 17:02:23,601 - INFO - Processing file 132/91808: PXL_20240910_212503243.jpg
2025-04-12 17:02:23,747 - INFO - Processing file 133/91808: PXL_20240910_232919856.jpg
2025-04-12 17:02:23,885 - INFO - Processing file 134/91808: PXL_20240910_232926606.jpg
2025-04-12 17:02:24,047 - INFO - Processing file 135/91808: PXL_20240916_155731466.jpg
2025-04-12 17:02:24,249 - INFO - Processing file 136/91808: PXL_20240916_155732021.jpg
2025-04-12 17:02:24,452 - INFO - Processing file 137/91808: PXL_20240916_155732933.jpg
2025-04-12 17:02:24,607 - INFO - Processing file 138/91808: PXL_20240918_003511505.jpg
2025-04-12 17:02:24,770 - INFO - Processing file 139/91808: PXL_20240918_100735124.jpg
2025-04-12 17:02:24,840 - INFO - Processing file 140/91808: PXL_20240918_100739458.jpg
2025-04-12 17:02:24,970 - INFO - Processing file 141/91808: PXL_20240918_100742612.jpg
2025-04-12 17:02:25,037 - INFO - Processing file 142/91808: PXL_20240918_100747682.jpg
2025-04-12 17:02:25,161 - INFO - Processing file 143/91808: PXL_20240918_100749943.jpg
2025-04-12 17:02:25,317 - INFO - Processing file 144/91808: PXL_20240918_100754599.jpg
2025-04-12 17:02:25,448 - INFO - Processing file 145/91808: PXL_20240918_100800440.jpg
2025-04-12 17:02:25,564 - INFO - Processing file 146/91808: PXL_20240918_100802437.jpg
2025-04-12 17:02:25,692 - INFO - Processing file 147/91808: PXL_20240918_100807049.jpg
2025-04-12 17:02:25,867 - INFO - Processing file 148/91808: PXL_20240918_105233499.jpg
2025-04-12 17:02:26,013 - INFO - Processing file 149/91808: PXL_20240918_105239098.jpg
2025-04-12 17:02:26,095 - INFO - Processing file 150/91808: PXL_20240918_105241670.jpg
2025-04-12 17:02:26,247 - INFO - Processing file 151/91808: PXL_20240918_105248236.jpg
2025-04-12 17:02:26,379 - INFO - Processing file 152/91808: PXL_20240918_105249166.jpg
2025-04-12 17:02:26,472 - INFO - Processing file 153/91808: PXL_20240918_211131779.jpg
2025-04-12 17:02:26,628 - INFO - Processing file 154/91808: PXL_20240918_211135882.jpg
2025-04-12 17:02:26,775 - INFO - Processing file 155/91808: PXL_20240922_184247731.jpg
2025-04-12 17:02:26,908 - INFO - Processing file 156/91808: PXL_20240923_142400581.jpg
2025-04-12 17:02:26,992 - INFO - Processing file 157/91808: PXL_20240924_224311974.jpg
2025-04-12 17:02:27,165 - INFO - Processing file 158/91808: PXL_20240924_233421004.jpg
2025-04-12 17:02:27,317 - INFO - Processing file 159/91808: PXL_20240924_233421982.jpg
2025-04-12 17:02:27,470 - INFO - Processing file 160/91808: PXL_20240925_185458028.jpg
2025-04-12 17:02:27,621 - INFO - Processing file 161/91808: PXL_20240925_185459794.jpg
2025-04-12 17:02:27,780 - INFO - Processing file 162/91808: PXL_20240925_185501896.jpg
2025-04-12 17:02:27,959 - INFO - Processing file 163/91808: PXL_20240925_185502935.jpg
2025-04-12 17:02:28,122 - INFO - Processing file 164/91808: PXL_20240926_190318385.jpg
2025-04-12 17:02:28,256 - INFO - Processing file 165/91808: PXL_20240927_221900886.jpg
2025-04-12 17:02:28,484 - INFO - Processing file 166/91808: PXL_20240927_221912608.jpg
2025-04-12 17:02:28,663 - INFO - Processing file 167/91808: PXL_20240927_221924175.jpg
2025-04-12 17:02:28,854 - INFO - Processing file 168/91808: PXL_20240927_221933343.jpg
2025-04-12 17:02:29,043 - INFO - Processing file 169/91808: PXL_20240927_222001732.jpg
2025-04-12 17:02:29,217 - INFO - Processing file 170/91808: PXL_20240927_222154347.jpg
2025-04-12 17:02:29,437 - INFO - Processing file 171/91808: PXL_20240927_222157223.jpg
2025-04-12 17:02:29,649 - INFO - Processing file 172/91808: PXL_20240930_203113738.jpg
2025-04-12 17:02:29,826 - INFO - Processing file 173/91808: PXL_20241001_115816231.jpg
2025-04-12 17:02:30,024 - INFO - Processing file 174/91808: PXL_20241001_115821554.jpg
2025-04-12 17:02:30,214 - INFO - Processing file 175/91808: PXL_20241001_115824800.jpg
2025-04-12 17:02:30,398 - INFO - Processing file 176/91808: PXL_20241001_115835053.jpg
2025-04-12 17:02:30,544 - INFO - Processing file 177/91808: PXL_20241001_115840966.jpg
2025-04-12 17:02:30,722 - INFO - Processing file 178/91808: PXL_20241001_115844168.jpg
2025-04-12 17:02:30,860 - INFO - Processing file 179/91808: PXL_20241001_115853777.jpg
2025-04-12 17:02:31,016 - INFO - Processing file 180/91808: PXL_20241001_115900742.jpg
2025-04-12 17:02:31,104 - INFO - Processing file 181/91808: PXL_20241001_115903008.jpg
2025-04-12 17:02:31,250 - INFO - Processing file 182/91808: PXL_20241001_115907351.jpg
2025-04-12 17:02:31,340 - INFO - Processing file 183/91808: PXL_20241001_115909160.jpg
2025-04-12 17:02:31,472 - INFO - Processing file 184/91808: PXL_20241001_115917561.jpg
2025-04-12 17:02:31,611 - INFO - Processing file 185/91808: PXL_20241001_115944393.jpg
2025-04-12 17:02:31,705 - INFO - Processing file 186/91808: PXL_20241003_172025070.jpg
2025-04-12 17:02:31,855 - INFO - Processing file 187/91808: PXL_20241005_081017813.jpg
2025-04-12 17:02:31,979 - INFO - Processing file 188/91808: PXL_20241005_102032878.jpg
2025-04-12 17:02:32,072 - INFO - Processing file 189/91808: PXL_20241005_102037593.jpg
2025-04-12 17:02:32,217 - INFO - Processing file 190/91808: PXL_20241005_102039700.jpg
2025-04-12 17:02:32,313 - INFO - Processing file 191/91808: PXL_20241005_102045499.jpg
2025-04-12 17:02:32,448 - INFO - Processing file 192/91808: PXL_20241005_102047298.jpg
2025-04-12 17:02:32,530 - INFO - Processing file 193/91808: PXL_20241005_133653703.jpg
2025-04-12 17:02:32,666 - INFO - Processing file 194/91808: PXL_20241005_133704333.jpg
2025-04-12 17:02:32,763 - INFO - Processing file 195/91808: PXL_20241005_193724016.jpg
2025-04-12 17:02:32,939 - INFO - Processing file 196/91808: PXL_20241005_193727211.jpg
2025-04-12 17:02:33,102 - INFO - Processing file 197/91808: PXL_20241005_193728578.jpg
2025-04-12 17:02:33,238 - INFO - Processing file 198/91808: PXL_20241005_193731744.jpg
2025-04-12 17:02:33,416 - INFO - Processing file 199/91808: PXL_20241005_193733648.jpg
2025-04-12 17:02:33,552 - INFO - Processing file 200/91808: PXL_20241005_193745134.jpg
2025-04-12 17:02:33,712 - INFO - Processing file 201/91808: PXL_20241005_193754238.jpg
2025-04-12 17:02:33,868 - INFO - Processing file 202/91808: PXL_20241005_193754831.jpg
2025-04-12 17:02:33,993 - INFO - Processing file 203/91808: PXL_20241005_193800773.jpg
2025-04-12 17:02:34,150 - INFO - Processing file 204/91808: PXL_20241005_193809461.jpg
2025-04-12 17:02:34,239 - INFO - Processing file 205/91808: PXL_20241005_193819335.jpg
2025-04-12 17:02:34,387 - INFO - Processing file 206/91808: PXL_20241006_165739229.jpg
2025-04-12 17:02:34,558 - INFO - Processing file 207/91808: PXL_20241006_165751005.jpg
2025-04-12 17:02:34,740 - INFO - Processing file 208/91808: PXL_20241006_165754747.jpg
2025-04-12 17:02:34,931 - INFO - Processing file 209/91808: PXL_20241006_165755794.jpg
2025-04-12 17:02:35,123 - INFO - Processing file 210/91808: PXL_20241006_165757335.jpg
2025-04-12 17:02:35,327 - INFO - Processing file 211/91808: PXL_20241006_165805880.jpg
2025-04-12 17:02:35,524 - INFO - Processing file 212/91808: PXL_20241006_165835121.jpg
2025-04-12 17:02:35,779 - INFO - Processing file 213/91808: PXL_20241006_165844022.jpg
2025-04-12 17:02:35,972 - INFO - Processing file 214/91808: PXL_20241008_205758781.jpg
2025-04-12 17:02:36,114 - INFO - Processing file 215/91808: PXL_20241010_171405162.jpg
2025-04-12 17:02:36,212 - INFO - Processing file 216/91808: PXL_20241010_171407044.jpg
2025-04-12 17:02:36,276 - INFO - Processing file 217/91808: PXL_20241010_171410180.jpg
2025-04-12 17:02:36,362 - INFO - Processing file 218/91808: PXL_20241010_171422475.jpg
2025-04-12 17:02:36,477 - INFO - Processing file 219/91808: PXL_20241010_171424510.jpg
2025-04-12 17:02:36,522 - INFO - Processing file 220/91808: PXL_20241010_171425912.jpg
2025-04-12 17:02:36,634 - INFO - Processing file 221/91808: PXL_20241010_171428248.jpg
2025-04-12 17:02:36,726 - INFO - Processing file 222/91808: PXL_20241010_171432203.jpg
2025-04-12 17:02:36,780 - INFO - Processing file 223/91808: PXL_20241010_171433655.jpg
2025-04-12 17:02:36,866 - INFO - Processing file 224/91808: PXL_20241010_171435007.jpg
2025-04-12 17:02:36,974 - INFO - Processing file 225/91808: PXL_20241011_012053732.jpg
2025-04-12 17:02:37,076 - INFO - Processing file 226/91808: PXL_20241011_012056128.jpg
2025-04-12 17:02:37,211 - INFO - Processing file 227/91808: PXL_20241011_012059422.jpg
2025-04-12 17:02:37,353 - INFO - Processing file 228/91808: PXL_20241011_012102535.jpg
2025-04-12 17:02:37,437 - INFO - Processing file 229/91808: PXL_20241011_012107026.jpg
2025-04-12 17:02:37,581 - INFO - Processing file 230/91808: PXL_20241011_012110367.jpg
2025-04-12 17:02:37,679 - INFO - Processing file 231/91808: PXL_20241011_012114906.jpg
2025-04-12 17:02:37,831 - INFO - Processing file 232/91808: PXL_20241011_012118604.jpg
2025-04-12 17:02:37,953 - INFO - Processing file 233/91808: PXL_20241011_012123039.jpg
2025-04-12 17:02:38,083 - INFO - Processing file 234/91808: PXL_20241014_115157832.jpg
2025-04-12 17:02:38,159 - INFO - Processing file 235/91808: PXL_20241014_115204412.NIGHT.jpg
2025-04-12 17:02:38,232 - INFO - Processing file 236/91808: PXL_20241014_172852192.jpg
2025-04-12 17:02:38,305 - INFO - Processing file 237/91808: PXL_20241014_172852192~2.jpg
2025-04-12 17:02:38,455 - INFO - Processing file 238/91808: PXL_20241014_182921826.jpg
2025-04-12 17:02:38,544 - INFO - Processing file 239/91808: PXL_20241014_182931032.jpg
2025-04-12 17:02:38,703 - INFO - Processing file 240/91808: PXL_20241014_182949790.jpg
2025-04-12 17:02:38,856 - INFO - Processing file 241/91808: PXL_20241014_182954481.jpg
2025-04-12 17:02:39,031 - INFO - Processing file 242/91808: PXL_20241014_183000725.jpg
2025-04-12 17:02:39,169 - INFO - Processing file 243/91808: PXL_20241014_183014366.jpg
2025-04-12 17:02:39,324 - INFO - Processing file 244/91808: PXL_20241014_212111693.jpg
2025-04-12 17:02:39,406 - INFO - Processing file 245/91808: PXL_20241015_123018551.jpg
2025-04-12 17:02:39,531 - INFO - Processing file 246/91808: PXL_20241015_123028165.jpg
2025-04-12 17:02:39,616 - INFO - Processing file 247/91808: PXL_20241015_183447415.jpg
2025-04-12 17:02:39,735 - INFO - Processing file 248/91808: PXL_20241015_183456670.jpg
2025-04-12 17:02:39,869 - INFO - Processing file 249/91808: PXL_20241015_183503021.jpg
2025-04-12 17:02:40,006 - INFO - Processing file 250/91808: PXL_20241015_194724035.jpg
2025-04-12 17:02:40,142 - INFO - Processing file 251/91808: PXL_20241015_194741013.jpg
2025-04-12 17:02:40,304 - INFO - Processing file 252/91808: PXL_20241015_194744338.jpg
2025-04-12 17:02:40,430 - INFO - Processing file 253/91808: PXL_20241015_194744338~2.jpg
2025-04-12 17:02:40,687 - INFO - Processing file 254/91808: PXL_20241015_195811754.jpg
2025-04-12 17:02:40,868 - INFO - Processing file 255/91808: PXL_20241016_182947397.jpg
2025-04-12 17:02:41,004 - INFO - Processing file 256/91808: PXL_20241016_190726050.jpg
2025-04-12 17:02:41,138 - INFO - Processing file 257/91808: PXL_20241016_205919618.jpg
2025-04-12 17:02:41,263 - INFO - Processing file 258/91808: PXL_20241016_232827155.jpg
2025-04-12 17:02:41,401 - INFO - Processing file 259/91808: PXL_20241016_232836494.jpg
2025-04-12 17:02:41,527 - INFO - Processing file 260/91808: PXL_20241016_233448121.jpg
2025-04-12 17:02:41,656 - INFO - Processing file 261/91808: PXL_20241016_233453226.jpg
2025-04-12 17:02:41,803 - INFO - Processing file 262/91808: PXL_20241016_233457007.jpg
2025-04-12 17:02:41,891 - INFO - Processing file 263/91808: PXL_20241016_233459460.jpg
2025-04-12 17:02:42,006 - INFO - Processing file 264/91808: PXL_20241016_233520761.jpg
2025-04-12 17:02:42,139 - INFO - Processing file 265/91808: PXL_20241016_233525394.jpg
2025-04-12 17:02:42,273 - INFO - Processing file 266/91808: PXL_20241017_062812905.jpg
2025-04-12 17:02:42,439 - INFO - Processing file 267/91808: PXL_20241017_153812177.jpg
2025-04-12 17:02:42,575 - INFO - Processing file 268/91808: PXL_20241017_153815458.jpg
2025-04-12 17:02:42,712 - INFO - Processing file 269/91808: PXL_20241017_153818161.jpg
2025-04-12 17:02:42,839 - INFO - Processing file 270/91808: PXL_20241017_153823837.jpg
2025-04-12 17:02:42,986 - INFO - Processing file 271/91808: PXL_20241017_153824945.jpg
2025-04-12 17:02:43,148 - INFO - Processing file 272/91808: PXL_20241017_153857814.jpg
2025-04-12 17:02:43,310 - INFO - Processing file 273/91808: PXL_20241017_153912218.jpg
2025-04-12 17:02:43,471 - INFO - Processing file 274/91808: PXL_20241017_153915860.jpg
2025-04-12 17:02:43,665 - INFO - Processing file 275/91808: PXL_20241017_154156449.jpg
2025-04-12 17:02:43,821 - INFO - Processing file 276/91808: PXL_20241018_035935374.jpg
2025-04-12 17:02:43,953 - INFO - Processing file 277/91808: PXL_20241018_035950304.jpg
2025-04-12 17:02:44,076 - INFO - Processing file 278/91808: PXL_20241018_040027391.jpg
2025-04-12 17:02:44,203 - INFO - Processing file 279/91808: PXL_20241018_151753878.jpg
2025-04-12 17:02:44,376 - INFO - Processing file 280/91808: PXL_20241018_151801535.jpg
2025-04-12 17:02:44,537 - INFO - Processing file 281/91808: PXL_20241019_003139401.jpg
2025-04-12 17:02:44,683 - INFO - Processing file 282/91808: PXL_20241019_155937002.jpg
2025-04-12 17:02:44,808 - INFO - Processing file 283/91808: PXL_20241019_155954709.jpg
2025-04-12 17:02:44,956 - INFO - Processing file 284/91808: PXL_20241021_095525446.jpg
2025-04-12 17:02:45,105 - INFO - Processing file 285/91808: PXL_20241021_111210123.jpg
2025-04-12 17:02:45,302 - INFO - Processing file 286/91808: PXL_20241021_111213558.jpg
2025-04-12 17:02:45,496 - INFO - Processing file 287/91808: PXL_20241021_111215754.jpg
2025-04-12 17:02:45,649 - INFO - Processing file 288/91808: PXL_20241021_154307004.jpg
2025-04-12 17:02:45,794 - INFO - Processing file 289/91808: PXL_20241021_154308724.jpg
2025-04-12 17:02:45,940 - INFO - Processing file 290/91808: PXL_20241021_223428926.jpg
2025-04-12 17:02:46,083 - INFO - Processing file 291/91808: PXL_20241023_203420947.jpg
2025-04-12 17:02:46,180 - INFO - Processing file 292/91808: PXL_20241023_203501330.jpg
2025-04-12 17:02:46,326 - INFO - Processing file 293/91808: PXL_20241023_204937984.jpg
2025-04-12 17:02:46,476 - INFO - Processing file 294/91808: PXL_20241023_234653316.jpg
2025-04-12 17:02:46,623 - INFO - Processing file 295/91808: PXL_20241024_134920953.jpg
2025-04-12 17:02:46,757 - INFO - Processing file 296/91808: PXL_20241024_134923291.jpg
2025-04-12 17:02:46,899 - INFO - Processing file 297/91808: PXL_20241025_154206337.jpg
2025-04-12 17:02:47,039 - INFO - Processing file 298/91808: PXL_20241025_154210921.jpg
2025-04-12 17:02:47,190 - INFO - Processing file 299/91808: PXL_20241025_154212365.jpg
2025-04-12 17:02:47,342 - INFO - Processing file 300/91808: PXL_20241025_205331168.jpg
2025-04-12 17:02:47,505 - INFO - Processing file 301/91808: PXL_20241025_205342027.jpg
2025-04-12 17:02:47,688 - INFO - Processing file 302/91808: PXL_20241026_195818894.jpg
2025-04-12 17:02:47,836 - INFO - Processing file 303/91808: PXL_20241026_195826310.jpg
2025-04-12 17:02:47,996 - INFO - Processing file 304/91808: PXL_20241026_195831285.jpg
2025-04-12 17:02:48,150 - INFO - Processing file 305/91808: PXL_20241026_200937803.jpg
2025-04-12 17:02:48,314 - INFO - Processing file 306/91808: PXL_20241026_200953145.jpg
2025-04-12 17:02:48,483 - INFO - Processing file 307/91808: PXL_20241026_200959499.jpg
2025-04-12 17:02:48,639 - INFO - Processing file 308/91808: PXL_20241026_201026808.jpg
2025-04-12 17:02:48,812 - INFO - Processing file 309/91808: PXL_20241026_201033287.jpg
2025-04-12 17:02:48,961 - INFO - Processing file 310/91808: PXL_20241027_023640454.jpg
2025-04-12 17:02:49,059 - INFO - Processing file 311/91808: PXL_20241027_023648760.jpg
2025-04-12 17:02:49,199 - INFO - Processing file 312/91808: PXL_20241027_023651747.jpg
2025-04-12 17:02:49,343 - INFO - Processing file 313/91808: PXL_20241027_202059152.jpg
2025-04-12 17:02:49,520 - INFO - Processing file 314/91808: PXL_20241028_070656976.jpg
2025-04-12 17:02:49,675 - INFO - Processing file 315/91808: PXL_20241028_070704876.jpg
2025-04-12 17:02:49,852 - INFO - Processing file 316/91808: PXL_20241028_070727380.jpg
2025-04-12 17:02:49,953 - INFO - Processing file 317/91808: PXL_20241028_070740006.jpg
2025-04-12 17:02:50,085 - INFO - Processing file 318/91808: PXL_20241028_070741642.jpg
2025-04-12 17:02:50,244 - INFO - Processing file 319/91808: PXL_20241028_070920507.jpg
2025-04-12 17:02:50,408 - INFO - Processing file 320/91808: PXL_20241028_070928743.jpg
2025-04-12 17:02:50,570 - INFO - Processing file 321/91808: PXL_20241028_070934931.jpg
2025-04-12 17:02:50,732 - INFO - Processing file 322/91808: PXL_20241028_070942063.jpg
2025-04-12 17:02:51,060 - INFO - Processing file 323/91808: PXL_20241030_035851041.jpg
2025-04-12 17:02:51,235 - INFO - Processing file 324/91808: PXL_20241030_035855400.jpg
2025-04-12 17:02:51,381 - INFO - Processing file 325/91808: PXL_20241030_035856409.jpg
2025-04-12 17:02:51,528 - INFO - Processing file 326/91808: PXL_20241030_035903544.jpg
2025-04-12 17:02:51,666 - INFO - Processing file 327/91808: PXL_20241030_035904633.jpg
2025-04-12 17:02:51,820 - INFO - Processing file 328/91808: PXL_20241030_035909020.jpg
2025-04-12 17:02:51,979 - INFO - Processing file 329/91808: PXL_20241031_052100420.jpg
2025-04-12 17:02:52,136 - INFO - Processing file 330/91808: PXL_20241031_052100420~2.jpg
2025-04-12 17:02:52,175 - INFO - Processing file 331/91808: PXL_20241031_052104242.jpg
2025-04-12 17:02:52,317 - INFO - Processing file 332/91808: PXL_20241031_081634532.jpg
2025-04-12 17:02:52,431 - INFO - Processing file 333/91808: PXL_20241031_081659757.jpg
2025-04-12 17:02:52,577 - INFO - Processing file 334/91808: PXL_20241031_081701939.jpg
2025-04-12 17:02:52,717 - INFO - Processing file 335/91808: PXL_20241031_081704311.jpg
2025-04-12 17:02:52,859 - INFO - Processing file 336/91808: PXL_20241031_081740041.jpg
2025-04-12 17:02:53,000 - INFO - Processing file 337/91808: PXL_20241031_215124655.jpg
2025-04-12 17:02:53,198 - INFO - Processing file 338/91808: PXL_20241031_220137767.jpg
2025-04-12 17:02:53,331 - INFO - Processing file 339/91808: PXL_20241031_220139234.jpg
2025-04-12 17:02:53,483 - INFO - Processing file 340/91808: PXL_20241031_222958407.jpg
2025-04-12 17:02:53,651 - INFO - Processing file 341/91808: PXL_20241031_232737781.jpg
2025-04-12 17:02:53,783 - INFO - Processing file 342/91808: PXL_20241031_232739431.jpg
2025-04-12 17:02:53,890 - INFO - Processing file 343/91808: PXL_20241101_074927400.NIGHT.jpg
2025-04-12 17:02:53,973 - INFO - Processing file 344/91808: PXL_20241101_080019333.jpg
2025-04-12 17:02:54,096 - INFO - Processing file 345/91808: PXL_20241101_080046355.jpg
2025-04-12 17:02:54,180 - INFO - Processing file 346/91808: PXL_20241101_080054253.NIGHT.jpg
2025-04-12 17:02:54,320 - INFO - Processing file 347/91808: PXL_20241101_093214178.jpg
2025-04-12 17:02:54,460 - INFO - Processing file 348/91808: PXL_20241101_093222086.jpg
2025-04-12 17:02:54,568 - INFO - Processing file 349/91808: PXL_20241101_093229587.jpg
2025-04-12 17:02:54,688 - INFO - Processing file 350/91808: PXL_20241101_220102115.jpg
2025-04-12 17:02:54,848 - INFO - Processing file 351/91808: PXL_20241106_191110837.jpg
2025-04-12 17:02:54,933 - INFO - Processing file 352/91808: PXL_20241106_191113091.jpg
2025-04-12 17:02:55,000 - INFO - Processing file 353/91808: PXL_20241106_191630137.jpg
2025-04-12 17:02:55,084 - INFO - Processing file 354/91808: PXL_20241106_191647843.jpg
2025-04-12 17:02:55,194 - INFO - Processing file 355/91808: PXL_20241106_191931984.jpg
2025-04-12 17:02:55,243 - INFO - Processing file 356/91808: PXL_20241106_191940762.jpg
2025-04-12 17:02:55,360 - INFO - Processing file 357/91808: PXL_20241107_042904644.jpg
2025-04-12 17:02:55,503 - INFO - Processing file 358/91808: PXL_20241107_052618365.jpg
2025-04-12 17:02:55,645 - INFO - Processing file 359/91808: PXL_20241107_052618671.jpg
2025-04-12 17:02:55,779 - INFO - Processing file 360/91808: PXL_20241107_055204627.jpg
2025-04-12 17:02:55,968 - INFO - Processing file 361/91808: PXL_20241107_055208876.jpg
2025-04-12 17:02:56,121 - INFO - Processing file 362/91808: PXL_20241107_055214961.jpg
2025-04-12 17:02:56,218 - INFO - Processing file 363/91808: PXL_20241107_144140767.jpg
2025-04-12 17:02:56,347 - INFO - Processing file 364/91808: PXL_20241109_200543618.jpg
2025-04-12 17:02:56,498 - INFO - Processing file 365/91808: PXL_20241109_200545807.jpg
2025-04-12 17:02:56,638 - INFO - Processing file 366/91808: PXL_20241110_015200654.jpg
2025-04-12 17:02:56,809 - INFO - Processing file 367/91808: PXL_20241110_015202638.jpg
2025-04-12 17:02:56,961 - INFO - Processing file 368/91808: PXL_20241110_205509774.jpg
2025-04-12 17:02:57,108 - INFO - Processing file 369/91808: PXL_20241110_205923712.jpg
2025-04-12 17:02:57,256 - INFO - Processing file 370/91808: PXL_20241110_220758887.jpg
2025-04-12 17:02:57,417 - INFO - Processing file 371/91808: PXL_20241110_222732233.jpg
2025-04-12 17:02:57,559 - INFO - Processing file 372/91808: PXL_20241110_222831878.jpg
2025-04-12 17:02:57,689 - INFO - Processing file 373/91808: PXL_20241110_222835083.jpg
2025-04-12 17:02:57,834 - INFO - Processing file 374/91808: PXL_20241110_222837322.jpg
2025-04-12 17:02:57,971 - INFO - Processing file 375/91808: PXL_20241110_223002515.jpg
2025-04-12 17:02:58,114 - INFO - Processing file 376/91808: PXL_20241110_224933596.NIGHT.jpg
2025-04-12 17:02:58,257 - INFO - Processing file 377/91808: PXL_20241112_095636162.NIGHT.jpg
2025-04-12 17:02:58,391 - INFO - Processing file 378/91808: PXL_20241113_223551970.jpg
2025-04-12 17:02:58,518 - INFO - Processing file 379/91808: PXL_20241113_223604035.jpg
2025-04-12 17:02:58,664 - INFO - Processing file 380/91808: PXL_20241113_231524880.jpg
2025-04-12 17:02:58,745 - INFO - Processing file 381/91808: PXL_20241113_231528689.jpg
2025-04-12 17:02:58,805 - INFO - Processing file 382/91808: PXL_20241113_231542764.jpg
2025-04-12 17:02:58,874 - INFO - Processing file 383/91808: PXL_20241113_231547620.jpg
2025-04-12 17:02:58,968 - INFO - Processing file 384/91808: PXL_20241113_231551253.jpg
2025-04-12 17:02:59,055 - INFO - Processing file 385/91808: PXL_20241113_231641153.jpg
2025-04-12 17:02:59,113 - INFO - Processing file 386/91808: PXL_20241114_031514950.NIGHT.jpg
2025-04-12 17:02:59,197 - INFO - Processing file 387/91808: PXL_20241114_083856226.jpg
2025-04-12 17:02:59,328 - INFO - Processing file 388/91808: PXL_20241114_091138852.NIGHT.jpg
2025-04-12 17:02:59,487 - INFO - Processing file 389/91808: PXL_20241114_091153448.NIGHT.jpg
2025-04-12 17:02:59,641 - INFO - Processing file 390/91808: PXL_20241114_091200817.NIGHT.jpg
2025-04-12 17:02:59,791 - INFO - Processing file 391/91808: PXL_20241114_102505982.jpg
2025-04-12 17:02:59,924 - INFO - Processing file 392/91808: PXL_20241114_102839894.jpg
2025-04-12 17:03:00,072 - INFO - Processing file 393/91808: PXL_20241114_102847260.jpg
2025-04-12 17:03:00,225 - INFO - Processing file 394/91808: PXL_20241114_102852326.jpg
2025-04-12 17:03:00,375 - INFO - Processing file 395/91808: PXL_20241114_102857005.jpg
2025-04-12 17:03:00,548 - INFO - Processing file 396/91808: PXL_20241114_102901311.jpg
2025-04-12 17:03:00,689 - INFO - Processing file 397/91808: PXL_20241114_111851253.jpg
2025-04-12 17:03:00,864 - INFO - Processing file 398/91808: PXL_20241114_121602872.jpg
2025-04-12 17:03:01,024 - INFO - Processing file 399/91808: PXL_20241114_121604711.jpg
2025-04-12 17:03:01,208 - INFO - Processing file 400/91808: PXL_20241114_121610164.jpg
2025-04-12 17:03:01,393 - INFO - Processing file 401/91808: PXL_20241114_121625326.PORTRAIT.jpg
2025-04-12 17:03:01,629 - INFO - Processing file 402/91808: PXL_20241114_121628186.PORTRAIT.jpg
2025-04-12 17:03:01,830 - INFO - Processing file 403/91808: PXL_20241114_195209010.jpg
2025-04-12 17:03:02,004 - INFO - Processing file 404/91808: PXL_20241114_195217766.jpg
2025-04-12 17:03:02,216 - INFO - Processing file 405/91808: PXL_20241115_015650357.jpg
2025-04-12 17:03:02,368 - INFO - Processing file 406/91808: PXL_20241115_015701799.jpg
2025-04-12 17:03:02,504 - INFO - Processing file 407/91808: PXL_20241115_015703033.jpg
2025-04-12 17:03:02,641 - INFO - Processing file 408/91808: PXL_20241115_015752724.jpg
2025-04-12 17:03:02,788 - INFO - Processing file 409/91808: PXL_20241115_045307653.jpg
2025-04-12 17:03:02,923 - INFO - Processing file 410/91808: PXL_20241115_045311243.jpg
2025-04-12 17:03:03,087 - INFO - Processing file 411/91808: PXL_20241115_045317270.jpg
2025-04-12 17:03:03,238 - INFO - Processing file 412/91808: PXL_20241115_083037461.NIGHT.jpg
2025-04-12 17:03:03,355 - INFO - Processing file 413/91808: PXL_20241115_154326756.jpg
2025-04-12 17:03:03,488 - INFO - Processing file 414/91808: PXL_20241115_154332442.jpg
2025-04-12 17:03:03,637 - INFO - Processing file 415/91808: PXL_20241115_155840622.jpg
2025-04-12 17:03:03,801 - INFO - Processing file 416/91808: PXL_20241115_155845912.jpg
2025-04-12 17:03:03,972 - INFO - Processing file 417/91808: PXL_20241115_155849859.jpg
2025-04-12 17:03:04,129 - INFO - Processing file 418/91808: PXL_20241115_204144802.jpg
2025-04-12 17:03:04,282 - INFO - Processing file 419/91808: PXL_20241116_030359907.jpg
2025-04-12 17:03:04,457 - INFO - Processing file 420/91808: PXL_20241116_030402925.jpg
2025-04-12 17:03:04,620 - INFO - Processing file 421/91808: PXL_20241116_030406132.jpg
2025-04-12 17:03:04,753 - INFO - Processing file 422/91808: PXL_20241117_023346506.jpg
2025-04-12 17:03:04,874 - INFO - Processing file 423/91808: PXL_20241117_023353021.jpg
2025-04-12 17:03:05,036 - INFO - Processing file 424/91808: PXL_20241117_211425741.jpg
2025-04-12 17:03:05,185 - INFO - Processing file 425/91808: PXL_20241117_211618802.jpg
2025-04-12 17:03:05,333 - INFO - Processing file 426/91808: PXL_20241117_211622759.jpg
2025-04-12 17:03:05,473 - INFO - Processing file 427/91808: PXL_20241117_211637935.jpg
2025-04-12 17:03:05,606 - INFO - Processing file 428/91808: PXL_20241117_211640267.jpg
2025-04-12 17:03:05,772 - INFO - Processing file 429/91808: PXL_20241117_211641163.jpg
2025-04-12 17:03:05,926 - INFO - Processing file 430/91808: PXL_20241117_211645093.jpg
2025-04-12 17:03:06,092 - INFO - Processing file 431/91808: PXL_20241117_212129272.jpg
2025-04-12 17:03:06,285 - INFO - Processing file 432/91808: PXL_20241117_212132780.jpg
2025-04-12 17:03:06,433 - INFO - Processing file 433/91808: PXL_20241117_212145290.jpg
2025-04-12 17:03:06,579 - INFO - Processing file 434/91808: PXL_20241117_212727137.jpg
2025-04-12 17:03:06,670 - INFO - Processing file 435/91808: PXL_20241117_213849198.jpg
2025-04-12 17:03:06,725 - INFO - Processing file 436/91808: PXL_20241117_213852409.jpg
2025-04-12 17:03:06,795 - INFO - Processing file 437/91808: PXL_20241117_214123189.jpg
2025-04-12 17:03:06,907 - INFO - Processing file 438/91808: PXL_20241117_214127929.jpg
2025-04-12 17:03:06,989 - INFO - Processing file 439/91808: PXL_20241117_214919184.jpg
2025-04-12 17:03:07,114 - INFO - Processing file 440/91808: PXL_20241118_123353683.jpg
2025-04-12 17:03:07,223 - INFO - Processing file 441/91808: PXL_20241118_151414056.jpg
2025-04-12 17:03:07,360 - INFO - Processing file 442/91808: PXL_20241118_152006688.jpg
2025-04-12 17:03:07,499 - INFO - Processing file 443/91808: PXL_20241118_152012311.jpg
2025-04-12 17:03:07,632 - INFO - Processing file 444/91808: PXL_20241118_205518814.jpg
2025-04-12 17:03:07,731 - INFO - Processing file 445/91808: PXL_20241118_205528132.jpg
2025-04-12 17:03:07,811 - INFO - Processing file 446/91808: PXL_20241118_205530028.jpg
2025-04-12 17:03:07,896 - INFO - Processing file 447/91808: PXL_20241118_210309847.jpg
2025-04-12 17:03:07,995 - INFO - Processing file 448/91808: PXL_20241118_214005625.jpg
2025-04-12 17:03:08,109 - INFO - Processing file 449/91808: PXL_20241118_214009909.jpg
2025-04-12 17:03:08,213 - INFO - Processing file 450/91808: PXL_20241118_214824609.jpg
2025-04-12 17:03:08,330 - INFO - Processing file 451/91808: PXL_20241118_214830867.jpg
2025-04-12 17:03:08,401 - INFO - Processing file 452/91808: PXL_20241118_214839855.jpg
2025-04-12 17:03:08,473 - INFO - Processing file 453/91808: PXL_20241118_214845737.jpg
2025-04-12 17:03:08,549 - INFO - Processing file 454/91808: PXL_20241118_214901430.jpg
2025-04-12 17:03:08,609 - INFO - Processing file 455/91808: PXL_20241118_221111277.jpg
2025-04-12 17:03:08,691 - INFO - Processing file 456/91808: PXL_20241119_071652449.jpg
2025-04-12 17:03:08,787 - INFO - Processing file 457/91808: PXL_20241119_071700123.jpg
2025-04-12 17:03:08,933 - INFO - Processing file 458/91808: PXL_20241119_071703868.jpg
2025-04-12 17:03:09,107 - INFO - Processing file 459/91808: PXL_20241119_103453022.NIGHT.jpg
2025-04-12 17:03:09,271 - INFO - Processing file 460/91808: PXL_20241119_103502279.NIGHT.jpg
2025-04-12 17:03:09,362 - INFO - Processing file 461/91808: PXL_20241119_173618933.jpg
2025-04-12 17:03:09,508 - INFO - Processing file 462/91808: PXL_20241119_173633527.jpg
2025-04-12 17:03:09,648 - INFO - Processing file 463/91808: PXL_20241119_173641037.jpg
2025-04-12 17:03:09,797 - INFO - Processing file 464/91808: PXL_20241119_173653141.jpg
2025-04-12 17:03:09,932 - INFO - Processing file 465/91808: PXL_20241119_173700804.jpg
2025-04-12 17:03:10,081 - INFO - Processing file 466/91808: PXL_20241119_222606438.jpg
2025-04-12 17:03:10,229 - INFO - Processing file 467/91808: PXL_20241119_222607495.jpg
2025-04-12 17:03:10,394 - INFO - Processing file 468/91808: PXL_20241119_222609748.jpg
2025-04-12 17:03:10,547 - INFO - Processing file 469/91808: PXL_20241120_043955837.jpg
2025-04-12 17:03:10,698 - INFO - Processing file 470/91808: PXL_20241120_043957366.jpg
2025-04-12 17:03:10,856 - INFO - Processing file 471/91808: PXL_20241120_044003748.jpg
2025-04-12 17:03:10,911 - INFO - Processing file 472/91808: PXL_20241120_044004190.jpg
2025-04-12 17:03:11,027 - INFO - Processing file 473/91808: PXL_20241120_044004710.jpg
2025-04-12 17:03:11,114 - INFO - Processing file 474/91808: PXL_20241120_044005452.jpg
2025-04-12 17:03:11,227 - INFO - Processing file 475/91808: PXL_20241120_044006194.jpg
2025-04-12 17:03:11,330 - INFO - Processing file 476/91808: PXL_20241120_044007017.jpg
2025-04-12 17:03:11,430 - INFO - Processing file 477/91808: PXL_20241120_044009048.jpg
2025-04-12 17:03:11,561 - INFO - Processing file 478/91808: PXL_20241120_053557452.jpg
2025-04-12 17:03:11,720 - INFO - Processing file 479/91808: PXL_20241120_053600992.jpg
2025-04-12 17:03:11,867 - INFO - Processing file 480/91808: PXL_20241120_053607521.jpg
2025-04-12 17:03:12,026 - INFO - Processing file 481/91808: PXL_20241120_053610866.jpg
2025-04-12 17:03:12,170 - INFO - Processing file 482/91808: PXL_20241120_062111044.jpg
2025-04-12 17:03:12,298 - INFO - Processing file 483/91808: PXL_20241120_062115048.jpg
2025-04-12 17:03:12,432 - INFO - Processing file 484/91808: PXL_20241120_062115706.jpg
2025-04-12 17:03:12,562 - INFO - Processing file 485/91808: PXL_20241120_082150882.jpg
2025-04-12 17:03:12,699 - INFO - Processing file 486/91808: PXL_20241120_082202227.jpg
2025-04-12 17:03:12,843 - INFO - Processing file 487/91808: PXL_20241120_082203647.jpg
2025-04-12 17:03:12,988 - INFO - Processing file 488/91808: PXL_20241120_082204174.jpg
2025-04-12 17:03:13,126 - INFO - Processing file 489/91808: PXL_20241120_082211124.jpg
2025-04-12 17:03:13,283 - INFO - Processing file 490/91808: PXL_20241120_082216011.jpg
2025-04-12 17:03:13,439 - INFO - Processing file 491/91808: PXL_20241120_082221710.jpg
2025-04-12 17:03:13,594 - INFO - Processing file 492/91808: PXL_20241120_094121195.NIGHT.jpg
2025-04-12 17:03:13,727 - INFO - Processing file 493/91808: PXL_20241120_194854008.jpg
2025-04-12 17:03:13,821 - INFO - Processing file 494/91808: PXL_20241120_194857311.jpg
2025-04-12 17:03:14,037 - INFO - Processing file 495/91808: PXL_20241120_194901241.jpg
2025-04-12 17:03:14,170 - INFO - Processing file 496/91808: PXL_20241121_010905878.jpg
2025-04-12 17:03:14,261 - INFO - Processing file 497/91808: PXL_20241121_015238066.jpg
2025-04-12 17:03:14,409 - INFO - Processing file 498/91808: PXL_20241121_015244900.jpg
2025-04-12 17:03:14,511 - INFO - Processing file 499/91808: PXL_20241121_015251940.jpg
2025-04-12 17:03:14,565 - INFO - Processing file 500/91808: PXL_20241121_015253107.jpg
2025-04-12 17:03:14,687 - INFO - Processing file 501/91808: PXL_20241121_212034393.PORTRAIT.jpg
2025-04-12 17:03:14,874 - INFO - Processing file 502/91808: PXL_20241121_212056510.PORTRAIT.jpg
2025-04-12 17:03:15,121 - INFO - Processing file 503/91808: PXL_20241121_212057330.PORTRAIT.jpg
2025-04-12 17:03:15,321 - INFO - Processing file 504/91808: PXL_20241121_212058059.PORTRAIT.jpg
2025-04-12 17:03:15,531 - INFO - Processing file 505/91808: PXL_20241121_212058992.PORTRAIT.jpg
2025-04-12 17:03:15,708 - INFO - Processing file 506/91808: PXL_20241121_212103562.PORTRAIT.jpg
2025-04-12 17:03:15,885 - INFO - Processing file 507/91808: PXL_20241121_212105430.PORTRAIT.jpg
2025-04-12 17:03:16,086 - INFO - Processing file 508/91808: PXL_20241123_210009388.NIGHT.jpg
2025-04-12 17:03:16,219 - INFO - Processing file 509/91808: PXL_20241123_210019227.NIGHT.jpg
2025-04-12 17:03:16,310 - INFO - Processing file 510/91808: PXL_20241124_044818038.jpg
2025-04-12 17:03:16,459 - INFO - Processing file 511/91808: PXL_20241124_044824219.jpg
2025-04-12 17:03:16,609 - INFO - Processing file 512/91808: PXL_20241124_044828060.jpg
2025-04-12 17:03:16,791 - INFO - Processing file 513/91808: PXL_20241124_052659207.NIGHT.jpg
2025-04-12 17:03:16,940 - INFO - Processing file 514/91808: PXL_20241124_052702409.NIGHT.jpg
2025-04-12 17:03:17,081 - INFO - Processing file 515/91808: PXL_20241124_052709763.jpg
2025-04-12 17:03:17,177 - INFO - Processing file 516/91808: PXL_20241124_052710197.jpg
2025-04-12 17:03:17,322 - INFO - Processing file 517/91808: PXL_20241124_080630317.NIGHT.jpg
2025-04-12 17:03:17,485 - INFO - Processing file 518/91808: PXL_20241124_080654002.NIGHT.jpg
2025-04-12 17:03:17,605 - INFO - Processing file 519/91808: PXL_20241124_100052535.NIGHT.jpg
2025-04-12 17:03:17,683 - INFO - Processing file 520/91808: PXL_20241125_004920653.jpg
2025-04-12 17:03:17,842 - INFO - Processing file 521/91808: PXL_20241126_215038982.jpg
2025-04-12 17:03:17,966 - INFO - Processing file 522/91808: PXL_20241127_203220240.jpg
2025-04-12 17:03:18,120 - INFO - Processing file 523/91808: PXL_20241127_203510902.jpg
2025-04-12 17:03:18,265 - INFO - Processing file 524/91808: PXL_20241128_025919121.jpg
2025-04-12 17:03:18,420 - INFO - Processing file 525/91808: PXL_20241128_030427486.jpg
2025-04-12 17:03:18,557 - INFO - Processing file 526/91808: PXL_20241128_030444282.jpg
2025-04-12 17:03:18,699 - INFO - Processing file 527/91808: PXL_20241128_232744423.jpg
2025-04-12 17:03:18,848 - INFO - Processing file 528/91808: PXL_20241129_031601166.jpg
2025-04-12 17:03:18,998 - INFO - Processing file 529/91808: PXL_20241129_031605612.jpg
2025-04-12 17:03:19,154 - INFO - Processing file 530/91808: PXL_20241129_031607608.jpg
2025-04-12 17:03:19,346 - INFO - Processing file 531/91808: PXL_20241129_031612466.jpg
2025-04-12 17:03:19,510 - INFO - Processing file 532/91808: PXL_20241129_034737043.jpg
2025-04-12 17:03:19,659 - INFO - Processing file 533/91808: PXL_20241129_034900479.jpg
2025-04-12 17:03:19,817 - INFO - Processing file 534/91808: PXL_20241129_034903605.jpg
2025-04-12 17:03:19,999 - INFO - Processing file 535/91808: PXL_20241201_055849244.NIGHT.jpg
2025-04-12 17:03:20,165 - INFO - Processing file 536/91808: PXL_20241201_233421016.jpg
2025-04-12 17:03:20,300 - INFO - Processing file 537/91808: PXL_20241201_233427823.jpg
2025-04-12 17:03:20,336 - INFO - Processing file 538/91808: PXL_20241202_055907045.jpg
2025-04-12 17:03:20,471 - INFO - Processing file 539/91808: PXL_20241202_055917897.jpg
2025-04-12 17:03:20,635 - INFO - Processing file 540/91808: PXL_20241204_184730652.jpg
2025-04-12 17:03:20,791 - INFO - Processing file 541/91808: PXL_20241204_184836668.jpg
2025-04-12 17:03:20,950 - INFO - Processing file 542/91808: PXL_20241204_184838083.jpg
2025-04-12 17:03:21,134 - INFO - Processing file 543/91808: PXL_20241204_184839684.jpg
2025-04-12 17:03:21,267 - INFO - Processing file 544/91808: PXL_20241204_230039241.jpg
2025-04-12 17:03:21,422 - INFO - Processing file 545/91808: PXL_20241204_234347199.jpg
2025-04-12 17:03:21,608 - INFO - Processing file 546/91808: PXL_20241204_234353993.jpg
2025-04-12 17:03:21,708 - INFO - Processing file 547/91808: PXL_20241205_013604747.jpg
2025-04-12 17:03:21,742 - INFO - Processing file 548/91808: PXL_20241205_013615915.jpg
2025-04-12 17:03:21,867 - INFO - Processing file 549/91808: PXL_20241205_043108433.jpg
2025-04-12 17:03:22,012 - INFO - Processing file 550/91808: PXL_20241205_043132930.jpg
2025-04-12 17:03:22,117 - INFO - Processing file 551/91808: PXL_20241205_043145197.jpg
2025-04-12 17:03:22,255 - INFO - Processing file 552/91808: PXL_20241205_043152173.jpg
2025-04-12 17:03:22,398 - INFO - Processing file 553/91808: PXL_20241205_043159786.jpg
2025-04-12 17:03:22,532 - INFO - Processing file 554/91808: PXL_20241205_043205043.jpg
2025-04-12 17:03:22,665 - INFO - Processing file 555/91808: PXL_20241205_044713861.jpg
2025-04-12 17:03:22,831 - INFO - Processing file 556/91808: PXL_20241205_054747141.jpg
2025-04-12 17:03:23,125 - INFO - Processing file 557/91808: PXL_20241205_054941864.jpg
2025-04-12 17:03:23,275 - INFO - Processing file 558/91808: PXL_20241205_055201192.jpg
2025-04-12 17:03:23,444 - INFO - Processing file 559/91808: PXL_20241205_055323946.jpg
2025-04-12 17:03:23,635 - INFO - Processing file 560/91808: PXL_20241205_055622285.jpg
2025-04-12 17:03:23,943 - INFO - Processing file 561/91808: PXL_20241205_055626019.jpg
2025-04-12 17:03:24,112 - INFO - Processing file 562/91808: PXL_20241205_055936721.jpg
2025-04-12 17:03:24,290 - INFO - Processing file 563/91808: PXL_20241205_060329033.jpg
2025-04-12 17:03:24,430 - INFO - Processing file 564/91808: PXL_20241205_060338705.jpg
2025-04-12 17:03:24,566 - INFO - Processing file 565/91808: PXL_20241205_060406834.jpg
2025-04-12 17:03:24,707 - INFO - Processing file 566/91808: PXL_20241205_060419967.jpg
2025-04-12 17:03:24,832 - INFO - Processing file 567/91808: PXL_20241205_060459458.jpg
2025-04-12 17:03:24,955 - INFO - Processing file 568/91808: PXL_20241205_060532043.jpg
2025-04-12 17:03:25,082 - INFO - Processing file 569/91808: PXL_20241205_061321129.jpg
2025-04-12 17:03:25,208 - INFO - Processing file 570/91808: PXL_20241205_061328122.jpg
2025-04-12 17:03:25,315 - INFO - Processing file 571/91808: PXL_20241205_061330642.jpg
2025-04-12 17:03:25,371 - INFO - Processing file 572/91808: PXL_20241205_062739399.jpg
2025-04-12 17:03:25,552 - INFO - Processing file 573/91808: PXL_20241205_065843998.jpg
2025-04-12 17:03:25,717 - INFO - Processing file 574/91808: PXL_20241205_065910377.jpg
2025-04-12 17:03:25,869 - INFO - Processing file 575/91808: PXL_20241205_065939551.jpg
2025-04-12 17:03:26,040 - INFO - Processing file 576/91808: PXL_20241205_065943327.jpg
2025-04-12 17:03:26,192 - INFO - Processing file 577/91808: PXL_20241205_065955249.jpg
2025-04-12 17:03:26,353 - INFO - Processing file 578/91808: PXL_20241205_070010776.jpg
2025-04-12 17:03:26,499 - INFO - Processing file 579/91808: PXL_20241205_070503655.jpg
2025-04-12 17:03:26,664 - INFO - Processing file 580/91808: PXL_20241205_092339081.jpg
2025-04-12 17:03:26,812 - INFO - Processing file 581/91808: PXL_20241205_092431638.jpg
2025-04-12 17:03:26,969 - INFO - Processing file 582/91808: PXL_20241205_163040318.jpg
2025-04-12 17:03:27,105 - INFO - Processing file 583/91808: PXL_20241205_164836227.jpg
2025-04-12 17:03:27,234 - INFO - Processing file 584/91808: PXL_20241205_164837484.jpg
2025-04-12 17:03:27,402 - INFO - Processing file 585/91808: PXL_20241205_164838460.jpg
2025-04-12 17:03:27,553 - INFO - Processing file 586/91808: PXL_20241205_174830100.jpg
2025-04-12 17:03:27,734 - INFO - Processing file 587/91808: PXL_20241205_211900363.jpg
2025-04-12 17:03:27,820 - INFO - Processing file 588/91808: PXL_20241205_212446298.jpg
2025-04-12 17:03:27,889 - INFO - Processing file 589/91808: PXL_20241205_215550821.jpg
2025-04-12 17:03:28,017 - INFO - Processing file 590/91808: PXL_20241205_225611161.jpg
2025-04-12 17:03:28,163 - INFO - Processing file 591/91808: PXL_20241205_225613235.jpg
2025-04-12 17:03:28,312 - INFO - Processing file 592/91808: PXL_20241205_225617612.jpg
2025-04-12 17:03:28,464 - INFO - Processing file 593/91808: PXL_20241205_231520426.jpg
2025-04-12 17:03:28,533 - INFO - Processing file 594/91808: PXL_20241205_231522210.jpg
2025-04-12 17:03:28,601 - INFO - Processing file 595/91808: PXL_20241205_231523171.jpg
2025-04-12 17:03:28,661 - INFO - Processing file 596/91808: PXL_20241206_013627359.jpg
2025-04-12 17:03:28,719 - INFO - Processing file 597/91808: PXL_20241206_013633759.jpg
2025-04-12 17:03:28,799 - INFO - Processing file 598/91808: PXL_20241206_022329551.jpg
2025-04-12 17:03:28,935 - INFO - Processing file 599/91808: PXL_20241206_022648237.jpg
2025-04-12 17:03:29,081 - INFO - Processing file 600/91808: PXL_20241206_023916303.jpg
2025-04-12 17:03:29,234 - INFO - Processing file 601/91808: PXL_20241206_034915786.jpg
2025-04-12 17:03:29,375 - INFO - Processing file 602/91808: PXL_20241206_034919952.jpg
2025-04-12 17:03:29,490 - INFO - Processing file 603/91808: PXL_20241206_083646426.jpg
2025-04-12 17:03:29,710 - INFO - Processing file 604/91808: PXL_20241206_091543686.jpg
2025-04-12 17:03:29,889 - INFO - Processing file 605/91808: PXL_20241206_101004158.jpg
2025-04-12 17:03:30,037 - INFO - Processing file 606/91808: PXL_20241206_102331518.jpg
2025-04-12 17:03:30,220 - INFO - Processing file 607/91808: PXL_20241206_112459419.jpg
2025-04-12 17:03:30,398 - INFO - Processing file 608/91808: PXL_20241206_112507166.jpg
2025-04-12 17:03:30,546 - INFO - Processing file 609/91808: PXL_20241206_112508978.jpg
2025-04-12 17:03:30,597 - INFO - Processing file 610/91808: PXL_20241206_112510874.jpg
2025-04-12 17:03:30,742 - INFO - Processing file 611/91808: PXL_20241206_112512597.jpg
2025-04-12 17:03:30,827 - INFO - Processing file 612/91808: PXL_20241206_112513808.jpg
2025-04-12 17:03:30,958 - INFO - Processing file 613/91808: PXL_20241206_121008562.jpg
2025-04-12 17:03:31,035 - INFO - Processing file 614/91808: PXL_20241206_122813753.jpg
2025-04-12 17:03:31,117 - INFO - Processing file 615/91808: PXL_20241206_123134439.jpg
2025-04-12 17:03:31,207 - INFO - Processing file 616/91808: PXL_20241206_123138174.jpg
2025-04-12 17:03:31,342 - INFO - Processing file 617/91808: PXL_20241206_123139956.jpg
2025-04-12 17:03:31,484 - INFO - Processing file 618/91808: PXL_20241206_123658159.jpg
2025-04-12 17:03:31,575 - INFO - Processing file 619/91808: PXL_20241206_123704372.jpg
2025-04-12 17:03:31,683 - INFO - Processing file 620/91808: PXL_20241206_123820925.jpg
2025-04-12 17:03:31,786 - INFO - Processing file 621/91808: PXL_20241206_171439789.jpg
2025-04-12 17:03:31,932 - INFO - Processing file 622/91808: PXL_20241206_171644466.jpg
2025-04-12 17:03:32,084 - INFO - Processing file 623/91808: PXL_20241206_171916548.jpg
2025-04-12 17:03:32,214 - INFO - Processing file 624/91808: PXL_20241206_171919684.jpg
2025-04-12 17:03:32,356 - INFO - Processing file 625/91808: PXL_20241206_172807538.jpg
2025-04-12 17:03:32,498 - INFO - Processing file 626/91808: PXL_20241206_181340404.jpg
2025-04-12 17:03:32,673 - INFO - Processing file 627/91808: PXL_20241206_181342344.jpg
2025-04-12 17:03:32,822 - INFO - Processing file 628/91808: PXL_20241206_181343754.jpg
2025-04-12 17:03:33,005 - INFO - Processing file 629/91808: PXL_20241206_193949204.jpg
2025-04-12 17:03:33,167 - INFO - Processing file 630/91808: PXL_20241206_195729606.jpg
2025-04-12 17:03:33,334 - INFO - Processing file 631/91808: PXL_20241206_195730289.jpg
2025-04-12 17:03:33,522 - INFO - Processing file 632/91808: PXL_20241206_195732625.jpg
2025-04-12 17:03:33,698 - INFO - Processing file 633/91808: PXL_20241206_201320284.jpg
2025-04-12 17:03:33,895 - INFO - Processing file 634/91808: PXL_20241206_201322163.jpg
2025-04-12 17:03:33,991 - INFO - Processing file 635/91808: PXL_20241206_201339662.jpg
2025-04-12 17:03:34,185 - INFO - Processing file 636/91808: PXL_20241206_201346369.jpg
2025-04-12 17:03:34,377 - INFO - Processing file 637/91808: PXL_20241206_205840119.jpg
2025-04-12 17:03:34,534 - INFO - Processing file 638/91808: PXL_20241206_205841333.jpg
2025-04-12 17:03:34,688 - INFO - Processing file 639/91808: PXL_20241206_205842478.jpg
2025-04-12 17:03:34,855 - INFO - Processing file 640/91808: PXL_20241206_205843929.jpg
2025-04-12 17:03:35,026 - INFO - Processing file 641/91808: PXL_20241206_225746440.jpg
2025-04-12 17:03:35,189 - INFO - Processing file 642/91808: PXL_20241206_225747348.jpg
2025-04-12 17:03:35,326 - INFO - Processing file 643/91808: PXL_20241206_225749120.jpg
2025-04-12 17:03:35,469 - INFO - Processing file 644/91808: PXL_20241206_225801754.jpg
2025-04-12 17:03:35,614 - INFO - Processing file 645/91808: PXL_20241206_225813595.jpg
2025-04-12 17:03:35,808 - INFO - Processing file 646/91808: PXL_20241206_230001546.jpg
2025-04-12 17:03:36,084 - INFO - Processing file 647/91808: PXL_20241206_230218450.jpg
2025-04-12 17:03:36,266 - INFO - Processing file 648/91808: PXL_20241206_231957432.jpg
2025-04-12 17:03:36,516 - INFO - Processing file 649/91808: PXL_20241206_233238841.jpg
2025-04-12 17:03:36,680 - INFO - Processing file 650/91808: PXL_20241206_233247037.jpg
2025-04-12 17:03:36,873 - INFO - Processing file 651/91808: PXL_20241206_233428182.jpg
2025-04-12 17:03:37,029 - INFO - Processing file 652/91808: PXL_20241207_035836904.jpg
2025-04-12 17:03:37,302 - INFO - Processing file 653/91808: PXL_20241207_035837768.jpg
2025-04-12 17:03:37,561 - INFO - Processing file 654/91808: PXL_20241207_035840228.jpg
2025-04-12 17:03:37,789 - INFO - Processing file 655/91808: PXL_20241207_035842459.jpg
2025-04-12 17:03:37,981 - INFO - Processing file 656/91808: PXL_20241207_045335157.jpg
2025-04-12 17:03:38,143 - INFO - Processing file 657/91808: PXL_20241207_050811124.jpg
2025-04-12 17:03:38,333 - INFO - Processing file 658/91808: PXL_20241207_051303266.jpg
2025-04-12 17:03:38,464 - INFO - Processing file 659/91808: PXL_20241207_051321747.jpg
2025-04-12 17:03:38,636 - INFO - Processing file 660/91808: PXL_20241207_051330780.jpg
2025-04-12 17:03:38,792 - INFO - Processing file 661/91808: PXL_20241207_130146085.jpg
2025-04-12 17:03:38,959 - INFO - Processing file 662/91808: PXL_20241207_131657667.jpg
2025-04-12 17:03:39,149 - INFO - Processing file 663/91808: PXL_20241207_131700633.jpg
2025-04-12 17:03:39,303 - INFO - Processing file 664/91808: PXL_20241207_232421838.jpg
2025-04-12 17:03:39,452 - INFO - Processing file 665/91808: PXL_20241207_232427732.jpg
2025-04-12 17:03:39,561 - INFO - Processing file 666/91808: PXL_20241208_013841787.jpg
2025-04-12 17:03:39,698 - INFO - Processing file 667/91808: PXL_20241210_033748939.jpg
2025-04-12 17:03:39,892 - INFO - Processing file 668/91808: PXL_20241210_033751773.jpg
2025-04-12 17:03:40,035 - INFO - Processing file 669/91808: PXL_20241210_170535627.jpg
2025-04-12 17:03:40,201 - INFO - Processing file 670/91808: PXL_20241210_170539663.jpg
2025-04-12 17:03:40,358 - INFO - Processing file 671/91808: PXL_20241210_170543753.jpg
2025-04-12 17:03:40,521 - INFO - Processing file 672/91808: PXL_20241211_015711127.jpg
2025-04-12 17:03:40,681 - INFO - Processing file 673/91808: PXL_20241211_042146895.jpg
2025-04-12 17:03:40,754 - INFO - Processing file 674/91808: PXL_20241211_042149414.jpg
2025-04-12 17:03:40,839 - INFO - Processing file 675/91808: PXL_20241211_042324668.jpg
2025-04-12 17:03:40,909 - INFO - Processing file 676/91808: PXL_20241211_042344786.jpg
2025-04-12 17:03:40,986 - INFO - Processing file 677/91808: PXL_20241211_042710811.NIGHT.jpg
2025-04-12 17:03:41,076 - INFO - Processing file 678/91808: PXL_20241211_045255640.NIGHT.jpg
2025-04-12 17:03:41,148 - INFO - Processing file 679/91808: PXL_20241211_045259790.NIGHT.jpg
2025-04-12 17:03:41,283 - INFO - Processing file 680/91808: PXL_20241211_051941770.jpg
2025-04-12 17:03:41,324 - INFO - Processing file 681/91808: PXL_20241211_051942782.jpg
2025-04-12 17:03:41,441 - INFO - Processing file 682/91808: PXL_20241211_052005092.jpg
2025-04-12 17:03:41,510 - INFO - Processing file 683/91808: PXL_20241211_193606415.jpg
2025-04-12 17:03:41,605 - INFO - Processing file 684/91808: PXL_20241211_203147481.jpg
2025-04-12 17:03:41,752 - INFO - Processing file 685/91808: PXL_20241211_203149452.jpg
2025-04-12 17:03:41,929 - INFO - Processing file 686/91808: PXL_20241211_215024709.jpg
2025-04-12 17:03:42,009 - INFO - Processing file 687/91808: PXL_20241211_215031074.jpg
2025-04-12 17:03:42,078 - INFO - Processing file 688/91808: PXL_20241211_225347390.jpg
2025-04-12 17:03:42,221 - INFO - Processing file 689/91808: PXL_20241211_225354923.jpg
2025-04-12 17:03:42,366 - INFO - Processing file 690/91808: PXL_20241212_001023949.jpg
2025-04-12 17:03:42,542 - INFO - Processing file 691/91808: PXL_20241212_001025553.jpg
2025-04-12 17:03:42,725 - INFO - Processing file 692/91808: PXL_20241212_001028298.jpg
2025-04-12 17:03:42,899 - INFO - Processing file 693/91808: PXL_20241212_001032338.jpg
2025-04-12 17:03:43,037 - INFO - Processing file 694/91808: PXL_20241212_001035445.jpg
2025-04-12 17:03:43,164 - INFO - Processing file 695/91808: PXL_20241212_001041584.jpg
2025-04-12 17:03:43,297 - INFO - Processing file 696/91808: PXL_20241212_001044830.jpg
2025-04-12 17:03:43,440 - INFO - Processing file 697/91808: PXL_20241212_001046374.jpg
2025-04-12 17:03:43,582 - INFO - Processing file 698/91808: PXL_20241212_001113069.jpg
2025-04-12 17:03:43,751 - INFO - Processing file 699/91808: PXL_20241212_001115544.jpg
2025-04-12 17:03:43,894 - INFO - Processing file 700/91808: PXL_20241212_001121906.jpg
2025-04-12 17:03:44,060 - INFO - Processing file 701/91808: PXL_20241212_001128345.jpg
2025-04-12 17:03:44,209 - INFO - Processing file 702/91808: PXL_20241212_001129296.jpg
2025-04-12 17:03:44,343 - INFO - Processing file 703/91808: PXL_20241212_001134558.jpg
2025-04-12 17:03:44,484 - INFO - Processing file 704/91808: PXL_20241212_035310999.jpg
2025-04-12 17:03:44,637 - INFO - Processing file 705/91808: PXL_20241212_041322084.jpg
2025-04-12 17:03:44,774 - INFO - Processing file 706/91808: PXL_20241212_041323802.jpg
2025-04-12 17:03:44,950 - INFO - Processing file 707/91808: PXL_20241212_045218293.jpg
2025-04-12 17:03:45,092 - INFO - Processing file 708/91808: PXL_20241212_051355562.jpg
2025-04-12 17:03:45,177 - INFO - Processing file 709/91808: PXL_20241212_051409428.jpg
2025-04-12 17:03:45,320 - INFO - Processing file 710/91808: PXL_20241212_051413784.jpg
2025-04-12 17:03:45,484 - INFO - Processing file 711/91808: PXL_20241212_051416035.jpg
2025-04-12 17:03:45,643 - INFO - Processing file 712/91808: PXL_20241212_152617463.jpg
2025-04-12 17:03:45,781 - INFO - Processing file 713/91808: PXL_20241212_193437077.jpg
2025-04-12 17:03:45,933 - INFO - Processing file 714/91808: PXL_20241212_193439541.jpg
2025-04-12 17:03:46,076 - INFO - Processing file 715/91808: PXL_20241212_194433361.jpg
2025-04-12 17:03:46,288 - INFO - Processing file 716/91808: PXL_20241212_194435735.jpg
2025-04-12 17:03:46,465 - INFO - Processing file 717/91808: PXL_20241212_194439523.jpg
2025-04-12 17:03:46,638 - INFO - Processing file 718/91808: PXL_20241212_194443009.jpg
2025-04-12 17:03:46,845 - INFO - Processing file 719/91808: PXL_20241213_010413665.jpg
2025-04-12 17:03:47,004 - INFO - Processing file 720/91808: PXL_20241213_030336509.jpg
2025-04-12 17:03:47,173 - INFO - Processing file 721/91808: PXL_20241213_030338594.jpg
2025-04-12 17:03:47,322 - INFO - Processing file 722/91808: PXL_20241213_174822751.jpg
2025-04-12 17:03:47,477 - INFO - Processing file 723/91808: PXL_20241213_174826917.jpg
2025-04-12 17:03:47,614 - INFO - Processing file 724/91808: PXL_20241213_174830312.jpg
2025-04-12 17:03:47,763 - INFO - Processing file 725/91808: PXL_20241213_174838450.jpg
2025-04-12 17:03:47,904 - INFO - Processing file 726/91808: PXL_20241213_174846611.jpg
2025-04-12 17:03:48,048 - INFO - Processing file 727/91808: PXL_20241213_174858619.jpg
2025-04-12 17:03:48,188 - INFO - Processing file 728/91808: PXL_20241213_174903040.jpg
2025-04-12 17:03:48,335 - INFO - Processing file 729/91808: PXL_20241213_174907398.jpg
2025-04-12 17:03:48,426 - INFO - Processing file 730/91808: PXL_20241213_174909809.jpg
2025-04-12 17:03:48,558 - INFO - Processing file 731/91808: PXL_20241213_174911070.jpg
2025-04-12 17:03:48,691 - INFO - Processing file 732/91808: PXL_20241213_175222542.jpg
2025-04-12 17:03:48,828 - INFO - Processing file 733/91808: PXL_20241214_020510883.jpg
2025-04-12 17:03:48,971 - INFO - Processing file 734/91808: PXL_20241214_020512517.jpg
2025-04-12 17:03:49,116 - INFO - Processing file 735/91808: PXL_20241214_020513167.jpg
2025-04-12 17:03:49,263 - INFO - Processing file 736/91808: PXL_20241214_020513809.jpg
2025-04-12 17:03:49,409 - INFO - Processing file 737/91808: PXL_20241214_020514921.jpg
2025-04-12 17:03:49,555 - INFO - Processing file 738/91808: PXL_20241214_020517750.jpg
2025-04-12 17:03:49,710 - INFO - Processing file 739/91808: PXL_20241214_020523257.jpg
2025-04-12 17:03:49,870 - INFO - Processing file 740/91808: PXL_20241214_020524580.jpg
2025-04-12 17:03:50,020 - INFO - Processing file 741/91808: PXL_20241214_020527434.jpg
2025-04-12 17:03:50,186 - INFO - Processing file 742/91808: PXL_20241214_020527930.jpg
2025-04-12 17:03:50,308 - INFO - Processing file 743/91808: PXL_20241214_020528409.jpg
2025-04-12 17:03:50,445 - INFO - Processing file 744/91808: PXL_20241214_020529118.jpg
2025-04-12 17:03:50,599 - INFO - Processing file 745/91808: PXL_20241214_020539720.jpg
2025-04-12 17:03:50,756 - INFO - Processing file 746/91808: PXL_20241214_020543369.jpg
2025-04-12 17:03:50,890 - INFO - Processing file 747/91808: PXL_20241214_020544705.jpg
2025-04-12 17:03:51,053 - INFO - Processing file 748/91808: PXL_20241214_020546273.jpg
2025-04-12 17:03:51,217 - INFO - Processing file 749/91808: PXL_20241214_020546945.jpg
2025-04-12 17:03:51,369 - INFO - Processing file 750/91808: PXL_20241214_020549895.jpg
2025-04-12 17:03:51,517 - INFO - Processing file 751/91808: PXL_20241214_020550850.jpg
2025-04-12 17:03:51,677 - INFO - Processing file 752/91808: PXL_20241214_020627948.jpg
2025-04-12 17:03:51,806 - INFO - Processing file 753/91808: PXL_20241214_020628453.jpg
2025-04-12 17:03:51,947 - INFO - Processing file 754/91808: PXL_20241214_020629026.jpg
2025-04-12 17:03:52,107 - INFO - Processing file 755/91808: PXL_20241214_020629617.jpg
2025-04-12 17:03:52,274 - INFO - Processing file 756/91808: PXL_20241214_020630322.jpg
2025-04-12 17:03:52,448 - INFO - Processing file 757/91808: PXL_20241214_020631652.jpg
2025-04-12 17:03:52,587 - INFO - Processing file 758/91808: PXL_20241214_020632218.jpg
2025-04-12 17:03:52,746 - INFO - Processing file 759/91808: PXL_20241214_020634353.jpg
2025-04-12 17:03:52,884 - INFO - Processing file 760/91808: PXL_20241214_020636887.jpg
2025-04-12 17:03:53,046 - INFO - Processing file 761/91808: PXL_20241214_020638223.jpg
2025-04-12 17:03:53,198 - INFO - Processing file 762/91808: PXL_20241214_020706719.jpg
2025-04-12 17:03:53,329 - INFO - Processing file 763/91808: PXL_20241214_020707278.jpg
2025-04-12 17:03:53,464 - INFO - Processing file 764/91808: PXL_20241214_023756591.jpg
2025-04-12 17:03:53,620 - INFO - Processing file 765/91808: PXL_20241214_023757705.jpg
2025-04-12 17:03:53,773 - INFO - Processing file 766/91808: PXL_20241214_023758459.jpg
2025-04-12 17:03:53,900 - INFO - Processing file 767/91808: PXL_20241214_023759099.jpg
2025-04-12 17:03:54,034 - INFO - Processing file 768/91808: PXL_20241214_023805404.jpg
2025-04-12 17:03:54,180 - INFO - Processing file 769/91808: PXL_20241214_024207422.jpg
2025-04-12 17:03:54,306 - INFO - Processing file 770/91808: PXL_20241214_024208000.jpg
2025-04-12 17:03:54,450 - INFO - Processing file 771/91808: PXL_20241214_024210409.jpg
2025-04-12 17:03:54,588 - INFO - Processing file 772/91808: PXL_20241214_024211297.jpg
2025-04-12 17:03:54,725 - INFO - Processing file 773/91808: PXL_20241214_024213183.jpg
2025-04-12 17:03:54,870 - INFO - Processing file 774/91808: PXL_20241214_024213817.jpg
2025-04-12 17:03:54,967 - INFO - Processing file 775/91808: PXL_20241214_024214285.jpg
2025-04-12 17:03:55,082 - INFO - Processing file 776/91808: PXL_20241214_203126089.jpg
2025-04-12 17:03:55,161 - INFO - Processing file 777/91808: PXL_20241214_203127125.jpg
2025-04-12 17:03:55,285 - INFO - Processing file 778/91808: PXL_20241214_213952173.jpg
2025-04-12 17:03:55,439 - INFO - Processing file 779/91808: PXL_20241214_214011649.jpg
2025-04-12 17:03:55,627 - INFO - Processing file 780/91808: PXL_20241214_214035030.jpg
2025-04-12 17:03:55,784 - INFO - Processing file 781/91808: PXL_20241214_214049616.jpg
2025-04-12 17:03:55,945 - INFO - Processing file 782/91808: PXL_20241215_140718806.jpg
2025-04-12 17:03:56,091 - INFO - Processing file 783/91808: PXL_20241215_141556363.jpg
2025-04-12 17:03:56,251 - INFO - Processing file 784/91808: PXL_20241215_200211037.jpg
2025-04-12 17:03:56,382 - INFO - Processing file 785/91808: PXL_20241215_202216785.jpg
2025-04-12 17:03:56,535 - INFO - Processing file 786/91808: PXL_20241215_232207569.jpg
2025-04-12 17:03:56,720 - INFO - Processing file 787/91808: PXL_20241215_232209912.jpg
2025-04-12 17:03:56,878 - INFO - Processing file 788/91808: PXL_20241215_232245823.jpg
2025-04-12 17:03:57,056 - INFO - Processing file 789/91808: PXL_20241215_232248868.jpg
2025-04-12 17:03:57,204 - INFO - Processing file 790/91808: PXL_20241215_232249939.jpg
2025-04-12 17:03:57,374 - INFO - Processing file 791/91808: PXL_20241215_232252878.jpg
2025-04-12 17:03:57,541 - INFO - Processing file 792/91808: PXL_20241216_014030781.jpg
2025-04-12 17:03:57,705 - INFO - Processing file 793/91808: PXL_20241216_014031508.jpg
2025-04-12 17:03:57,845 - INFO - Processing file 794/91808: PXL_20241216_014036332.jpg
2025-04-12 17:03:57,991 - INFO - Processing file 795/91808: PXL_20241216_014040638.jpg
2025-04-12 17:03:58,143 - INFO - Processing file 796/91808: PXL_20241216_014041287.jpg
2025-04-12 17:03:58,290 - INFO - Processing file 797/91808: PXL_20241216_014042281.jpg
2025-04-12 17:03:58,444 - INFO - Processing file 798/91808: PXL_20241216_014043622.jpg
2025-04-12 17:03:58,588 - INFO - Processing file 799/91808: PXL_20241216_032553884.jpg
2025-04-12 17:03:58,734 - INFO - Processing file 800/91808: PXL_20241216_032620535.jpg
2025-04-12 17:03:58,932 - INFO - Processing file 801/91808: PXL_20241216_034141889.jpg
2025-04-12 17:03:59,098 - INFO - Processing file 802/91808: PXL_20241216_034143845.jpg
2025-04-12 17:03:59,263 - INFO - Processing file 803/91808: PXL_20241216_034146061.jpg
2025-04-12 17:03:59,406 - INFO - Processing file 804/91808: PXL_20241218_231246297.jpg
2025-04-12 17:03:59,549 - INFO - Processing file 805/91808: PXL_20241218_233730868.jpg
2025-04-12 17:03:59,706 - INFO - Processing file 806/91808: PXL_20241219_152429597.jpg
2025-04-12 17:03:59,861 - INFO - Processing file 807/91808: PXL_20241219_152707278.jpg
2025-04-12 17:04:00,007 - INFO - Processing file 808/91808: PXL_20241219_225851549.jpg
2025-04-12 17:04:00,144 - INFO - Processing file 809/91808: PXL_20241219_225852027.jpg
2025-04-12 17:04:00,277 - INFO - Processing file 810/91808: PXL_20241219_225855506.jpg
2025-04-12 17:04:00,447 - INFO - Processing file 811/91808: PXL_20241219_225857394.jpg
2025-04-12 17:04:00,608 - INFO - Processing file 812/91808: PXL_20241219_225858016.jpg
2025-04-12 17:04:00,741 - INFO - Processing file 813/91808: PXL_20241219_225858756.jpg
2025-04-12 17:04:00,878 - INFO - Processing file 814/91808: PXL_20241220_022518771.jpg
2025-04-12 17:04:00,960 - INFO - Processing file 815/91808: PXL_20241220_023912666.jpg
2025-04-12 17:04:01,123 - INFO - Processing file 816/91808: PXL_20241220_023918895.jpg
2025-04-12 17:04:01,281 - INFO - Processing file 817/91808: PXL_20241220_023923023.jpg
2025-04-12 17:04:01,453 - INFO - Processing file 818/91808: PXL_20241220_023928693.jpg
2025-04-12 17:04:01,618 - INFO - Processing file 819/91808: PXL_20241220_173058121.jpg
2025-04-12 17:04:01,792 - INFO - Processing file 820/91808: PXL_20241220_180854734.PANO.jpg
2025-04-12 17:04:01,850 - INFO - Processing file 821/91808: PXL_20241220_180903033.jpg
2025-04-12 17:04:01,977 - INFO - Processing file 822/91808: PXL_20241220_180903652.jpg
2025-04-12 17:04:02,033 - INFO - Processing file 823/91808: PXL_20241220_180905433.jpg
2025-04-12 17:04:02,172 - INFO - Processing file 824/91808: PXL_20241220_180905661.jpg
2025-04-12 17:04:02,306 - INFO - Processing file 825/91808: PXL_20241220_180907963.jpg
2025-04-12 17:04:02,419 - INFO - Processing file 826/91808: PXL_20241220_180909672.jpg
2025-04-12 17:04:02,500 - INFO - Processing file 827/91808: PXL_20241220_180911049.jpg
2025-04-12 17:04:02,613 - INFO - Processing file 828/91808: PXL_20241220_180912118.jpg
2025-04-12 17:04:02,726 - INFO - Processing file 829/91808: PXL_20241220_185009539.jpg
2025-04-12 17:04:02,901 - INFO - Processing file 830/91808: PXL_20241220_235644029.jpg
2025-04-12 17:04:03,074 - INFO - Processing file 831/91808: PXL_20241220_235726426.jpg
2025-04-12 17:04:03,209 - INFO - Processing file 832/91808: PXL_20241220_235731893.jpg
2025-04-12 17:04:03,339 - INFO - Processing file 833/91808: PXL_20241220_235735695.jpg
2025-04-12 17:04:03,483 - INFO - Processing file 834/91808: PXL_20241220_235736149.jpg
2025-04-12 17:04:03,605 - INFO - Processing file 835/91808: PXL_20241220_235808837.jpg
2025-04-12 17:04:03,746 - INFO - Processing file 836/91808: PXL_20241221_003214200.jpg
2025-04-12 17:04:03,906 - INFO - Processing file 837/91808: PXL_20241221_003221584.jpg
2025-04-12 17:04:03,997 - INFO - Processing file 838/91808: PXL_20241221_003224650.jpg
2025-04-12 17:04:04,123 - INFO - Processing file 839/91808: PXL_20241221_003236655.jpg
2025-04-12 17:04:04,271 - INFO - Processing file 840/91808: PXL_20241221_003246440.jpg
2025-04-12 17:04:04,413 - INFO - Processing file 841/91808: PXL_20241221_064217125.jpg
2025-04-12 17:04:04,572 - INFO - Processing file 842/91808: PXL_20241222_223224027.jpg
2025-04-12 17:04:04,761 - INFO - Processing file 843/91808: PXL_20241222_223224456.jpg
2025-04-12 17:04:04,900 - INFO - Processing file 844/91808: PXL_20241222_223224857.jpg
2025-04-12 17:04:05,063 - INFO - Processing file 845/91808: PXL_20241222_223225250.jpg
2025-04-12 17:04:05,243 - INFO - Processing file 846/91808: PXL_20241222_223232187.jpg
2025-04-12 17:04:05,335 - INFO - Processing file 847/91808: PXL_20241222_223238283.jpg
2025-04-12 17:04:05,435 - INFO - Processing file 848/91808: PXL_20241222_223238755.jpg
2025-04-12 17:04:05,487 - INFO - Processing file 849/91808: PXL_20241222_223239154.jpg
2025-04-12 17:04:05,589 - INFO - Processing file 850/91808: PXL_20241223_184427504.jpg
2025-04-12 17:04:05,734 - INFO - Processing file 851/91808: PXL_20241223_190826896.jpg
2025-04-12 17:04:05,875 - INFO - Processing file 852/91808: PXL_20241223_200046447.jpg
2025-04-12 17:04:05,961 - INFO - Processing file 853/91808: PXL_20241224_091223580.jpg
2025-04-12 17:04:06,090 - INFO - Processing file 854/91808: PXL_20241224_091225240.jpg
2025-04-12 17:04:06,170 - INFO - Processing file 855/91808: PXL_20241225_204657781.jpg
2025-04-12 17:04:06,375 - INFO - Processing file 856/91808: PXL_20241225_204658207.jpg
2025-04-12 17:04:06,588 - INFO - Processing file 857/91808: PXL_20241225_204658786.jpg
2025-04-12 17:04:06,758 - INFO - Processing file 858/91808: PXL_20241225_204701019.jpg
2025-04-12 17:04:06,928 - INFO - Processing file 859/91808: PXL_20241225_204701730.jpg
2025-04-12 17:04:07,130 - INFO - Processing file 860/91808: PXL_20241227_000635744.jpg
2025-04-12 17:04:07,297 - INFO - Processing file 861/91808: PXL_20241227_000705045.jpg
2025-04-12 17:04:07,458 - INFO - Processing file 862/91808: PXL_20241227_000706301.jpg
2025-04-12 17:04:07,589 - INFO - Processing file 863/91808: PXL_20241227_000726009.jpg
2025-04-12 17:04:07,738 - INFO - Processing file 864/91808: PXL_20241227_000727220.jpg
2025-04-12 17:04:07,886 - INFO - Processing file 865/91808: PXL_20241227_000727962.jpg
2025-04-12 17:04:08,036 - INFO - Processing file 866/91808: PXL_20241227_000729898.jpg
2025-04-12 17:04:08,192 - INFO - Processing file 867/91808: PXL_20241230_003148103.jpg
2025-04-12 17:04:08,317 - INFO - Processing file 868/91808: PXL_20241230_003150815.jpg
2025-04-12 17:04:08,450 - INFO - Processing file 869/91808: PXL_20241230_003156563.jpg
2025-04-12 17:04:08,582 - INFO - Processing file 870/91808: PXL_20241230_003204570.jpg
2025-04-12 17:04:08,685 - INFO - Processing file 871/91808: PXL_20241230_213154174.jpg
2025-04-12 17:04:08,814 - INFO - Processing file 872/91808: PXL_20241230_213155200.jpg
2025-04-12 17:04:08,951 - INFO - Processing file 873/91808: PXL_20241230_213156670.jpg
2025-04-12 17:04:09,068 - INFO - Processing file 874/91808: PXL_20241230_213157944.jpg
2025-04-12 17:04:09,157 - INFO - Processing file 875/91808: PXL_20241230_213158653.jpg
2025-04-12 17:04:09,296 - INFO - Processing file 876/91808: PXL_20241230_213159069.jpg
2025-04-12 17:04:09,374 - INFO - Processing file 877/91808: PXL_20241230_213159423.jpg
2025-04-12 17:04:09,484 - INFO - Processing file 878/91808: PXL_20241230_213159808.jpg
2025-04-12 17:04:09,587 - INFO - Processing file 879/91808: PXL_20250102_194523792.jpg
2025-04-12 17:04:09,650 - INFO - Processing file 880/91808: PXL_20250102_194525308.jpg
2025-04-12 17:04:09,738 - INFO - Processing file 881/91808: PXL_20250102_194525911.jpg
2025-04-12 17:04:09,829 - INFO - Processing file 882/91808: PXL_20250102_194531714.jpg
2025-04-12 17:04:09,872 - INFO - Processing file 883/91808: PXL_20250102_194543225.jpg
2025-04-12 17:04:09,925 - INFO - Processing file 884/91808: PXL_20250103_045749799.jpg
2025-04-12 17:04:10,049 - INFO - Processing file 885/91808: PXL_20250103_045845386.jpg
2025-04-12 17:04:10,187 - INFO - Processing file 886/91808: PXL_20250103_045846644.jpg
2025-04-12 17:04:10,335 - INFO - Processing file 887/91808: PXL_20250103_045848450.jpg
2025-04-12 17:04:10,482 - INFO - Processing file 888/91808: PXL_20250103_045851780.jpg
2025-04-12 17:04:10,678 - INFO - Processing file 889/91808: PXL_20250103_213436013.jpg
2025-04-12 17:04:10,757 - INFO - Processing file 890/91808: PXL_20250103_213436661.jpg
2025-04-12 17:04:10,864 - INFO - Processing file 891/91808: PXL_20250103_213437927.jpg
2025-04-12 17:04:10,952 - INFO - Processing file 892/91808: PXL_20250103_213438439.jpg
2025-04-12 17:04:11,070 - INFO - Processing file 893/91808: PXL_20250103_213439236.jpg
2025-04-12 17:04:11,162 - INFO - Processing file 894/91808: PXL_20250103_213440809.jpg
2025-04-12 17:04:11,232 - INFO - Processing file 895/91808: PXL_20250103_213442887.jpg
2025-04-12 17:04:11,317 - INFO - Processing file 896/91808: PXL_20250105_212244196.jpg
2025-04-12 17:04:11,407 - INFO - Processing file 897/91808: PXL_20250105_212253451.jpg
2025-04-12 17:04:11,485 - INFO - Processing file 898/91808: PXL_20250105_212311496.jpg
2025-04-12 17:04:11,533 - INFO - Processing file 899/91808: PXL_20250105_214507413.NIGHT.jpg
2025-04-12 17:04:11,604 - INFO - Processing file 900/91808: PXL_20250110_220333244.jpg
2025-04-12 17:04:11,712 - INFO - Processing file 901/91808: PXL_20250113_012302893.jpg
2025-04-12 17:04:11,846 - INFO - Processing file 902/91808: PXL_20250113_191212195.jpg
2025-04-12 17:04:11,966 - INFO - Processing file 903/91808: PXL_20250113_191212966.jpg
2025-04-12 17:04:12,114 - INFO - Processing file 904/91808: PXL_20250113_203006816.jpg
2025-04-12 17:04:12,254 - INFO - Processing file 905/91808: PXL_20250113_203010759.jpg
2025-04-12 17:04:12,401 - INFO - Processing file 906/91808: PXL_20250113_203011491.jpg
2025-04-12 17:04:12,531 - INFO - Processing file 907/91808: PXL_20250113_203325389.jpg
2025-04-12 17:04:12,678 - INFO - Processing file 908/91808: PXL_20250113_203406042.jpg
2025-04-12 17:04:12,821 - INFO - Processing file 909/91808: PXL_20250114_171717472.jpg
2025-04-12 17:04:12,961 - INFO - Processing file 910/91808: PXL_20250114_171719925.jpg
2025-04-12 17:04:13,148 - INFO - Processing file 911/91808: PXL_20250114_171723348.jpg
2025-04-12 17:04:13,309 - INFO - Processing file 912/91808: PXL_20250114_171724893.jpg
2025-04-12 17:04:13,455 - INFO - Processing file 913/91808: PXL_20250114_192755944.jpg
2025-04-12 17:04:13,607 - INFO - Processing file 914/91808: PXL_20250114_192759404.jpg
2025-04-12 17:04:13,733 - INFO - Processing file 915/91808: PXL_20250114_192818634.jpg
2025-04-12 17:04:13,886 - INFO - Processing file 916/91808: PXL_20250114_192820113.jpg
2025-04-12 17:04:14,035 - INFO - Processing file 917/91808: PXL_20250114_192820471.jpg
2025-04-12 17:04:14,180 - INFO - Processing file 918/91808: PXL_20250114_192848523.jpg
2025-04-12 17:04:14,317 - INFO - Processing file 919/91808: PXL_20250114_192851952.jpg
2025-04-12 17:04:14,349 - INFO - Processing file 920/91808: PXL_20250114_192852530.jpg
2025-04-12 17:04:14,476 - INFO - Processing file 921/91808: PXL_20250114_201717191.jpg
2025-04-12 17:04:14,612 - INFO - Processing file 922/91808: PXL_20250114_201718876.jpg
2025-04-12 17:04:14,748 - INFO - Processing file 923/91808: PXL_20250114_201721785.jpg
2025-04-12 17:04:14,880 - INFO - Processing file 924/91808: PXL_20250114_201724722.jpg
2025-04-12 17:04:14,978 - INFO - Processing file 925/91808: PXL_20250114_201725785.jpg
2025-04-12 17:04:15,113 - INFO - Processing file 926/91808: PXL_20250114_201727023.jpg
2025-04-12 17:04:15,266 - INFO - Processing file 927/91808: PXL_20250115_054901293.jpg
2025-04-12 17:04:15,358 - INFO - Processing file 928/91808: PXL_20250115_054922581.jpg
2025-04-12 17:04:15,478 - INFO - Processing file 929/91808: PXL_20250115_054937856.jpg
2025-04-12 17:04:15,567 - INFO - Processing file 930/91808: PXL_20250115_054957947.jpg
2025-04-12 17:04:15,710 - INFO - Processing file 931/91808: PXL_20250115_210643956.jpg
2025-04-12 17:04:15,861 - INFO - Processing file 932/91808: PXL_20250115_210645549.jpg
2025-04-12 17:04:16,024 - INFO - Processing file 933/91808: PXL_20250115_210645954.jpg
2025-04-12 17:04:16,203 - INFO - Processing file 934/91808: PXL_20250115_213708235.jpg
2025-04-12 17:04:16,380 - INFO - Processing file 935/91808: PXL_20250115_213709132.jpg
2025-04-12 17:04:16,568 - INFO - Processing file 936/91808: PXL_20250115_213710727.jpg
2025-04-12 17:04:16,752 - INFO - Processing file 937/91808: PXL_20250115_213712053.jpg
2025-04-12 17:04:16,935 - INFO - Processing file 938/91808: PXL_20250115_213713305.jpg
2025-04-12 17:04:17,106 - INFO - Processing file 939/91808: PXL_20250115_213715034.jpg
2025-04-12 17:04:17,277 - INFO - Processing file 940/91808: PXL_20250115_213726684.jpg
2025-04-12 17:04:17,416 - INFO - Processing file 941/91808: PXL_20250115_213728355.jpg
2025-04-12 17:04:17,582 - INFO - Processing file 942/91808: PXL_20250115_213730470.jpg
2025-04-12 17:04:17,731 - INFO - Processing file 943/91808: PXL_20250115_213731141.jpg
2025-04-12 17:04:17,884 - INFO - Processing file 944/91808: PXL_20250115_215518583.jpg
2025-04-12 17:04:18,039 - INFO - Processing file 945/91808: PXL_20250115_215519051.jpg
2025-04-12 17:04:18,257 - INFO - Processing file 946/91808: PXL_20250115_215521900.jpg
2025-04-12 17:04:18,403 - INFO - Processing file 947/91808: PXL_20250115_215523998.jpg
2025-04-12 17:04:18,566 - INFO - Processing file 948/91808: PXL_20250115_215526558.jpg
2025-04-12 17:04:18,715 - INFO - Processing file 949/91808: PXL_20250115_215527330.jpg
2025-04-12 17:04:18,866 - INFO - Processing file 950/91808: PXL_20250115_215528465.jpg
2025-04-12 17:04:19,025 - INFO - Processing file 951/91808: PXL_20250115_215532169.jpg
2025-04-12 17:04:19,181 - INFO - Processing file 952/91808: PXL_20250115_215533459.jpg
2025-04-12 17:04:19,328 - INFO - Processing file 953/91808: PXL_20250115_220035049.jpg
2025-04-12 17:04:19,498 - INFO - Processing file 954/91808: PXL_20250115_220039413.jpg
2025-04-12 17:04:19,687 - INFO - Processing file 955/91808: PXL_20250115_220041271.jpg
2025-04-12 17:04:19,847 - INFO - Processing file 956/91808: PXL_20250115_220043124.jpg
2025-04-12 17:04:20,005 - INFO - Processing file 957/91808: PXL_20250115_220044926.jpg
2025-04-12 17:04:20,166 - INFO - Processing file 958/91808: PXL_20250115_220047059.jpg
